Log file open, 01/28/20 16:58:17
LogWindows: Failed to load 'aqProf.dll' (GetLastError=126)
LogWindows: File 'aqProf.dll' does not exist
LogWindows: Failed to load 'VtuneApi.dll' (GetLastError=126)
LogWindows: File 'VtuneApi.dll' does not exist
LogWindows: Failed to load 'VtuneApi32e.dll' (GetLastError=126)
LogWindows: File 'VtuneApi32e.dll' does not exist
LogConsoleResponse: Display: Failed to find resolution value strings in scalability ini. Falling back to default.
LogInit: Display: Running engine for game: ThreePaintingProject
LogPlatformFile: Not using cached read wrapper
LogTaskGraph: Started task graph with 5 named threads and 23 total threads with 3 sets of task threads.
LogStats: Stats thread started at 5.914841
LogD3D11RHI: Loaded GFSDK_Aftermath_Lib.x64.dll
LogICUInternationalization: ICU TimeZone Detection - Raw Offset: -6:00, Platform Override: ''
LogPluginManager: Mounting plugin Paper2D
LogPluginManager: Mounting plugin AISupport
LogPluginManager: Mounting plugin LightPropagationVolume
LogPluginManager: Mounting plugin ActorLayerUtilities
LogPluginManager: Mounting plugin AnimationSharing
LogPluginManager: Mounting plugin CLionSourceCodeAccess
LogPluginManager: Mounting plugin CodeLiteSourceCodeAccess
LogPluginManager: Mounting plugin GitSourceControl
LogPluginManager: Mounting plugin KDevelopSourceCodeAccess
LogPluginManager: Mounting plugin NullSourceCodeAccess
LogPluginManager: Mounting plugin PerforceSourceControl
LogPluginManager: Mounting plugin PlasticSourceControl
LogPluginManager: Mounting plugin SubversionSourceControl
LogPluginManager: Mounting plugin UObjectPlugin
LogPluginManager: Mounting plugin VisualStudioCodeSourceCodeAccess
LogPluginManager: Mounting plugin VisualStudioSourceCodeAccess
LogPluginManager: Mounting plugin XCodeSourceCodeAccess
LogPluginManager: Mounting plugin AssetManagerEditor
LogPluginManager: Mounting plugin CryptoKeys
LogPluginManager: Mounting plugin CurveEditorTools
LogPluginManager: Mounting plugin DataValidation
LogPluginManager: Mounting plugin FacialAnimation
LogPluginManager: Mounting plugin GameplayTagsEditor
LogPluginManager: Mounting plugin MacGraphicsSwitching
LogPluginManager: Mounting plugin MaterialAnalyzer
LogPluginManager: Mounting plugin MobileLauncherProfileWizard
LogPluginManager: Mounting plugin PluginBrowser
LogPluginManager: Mounting plugin SpeedTreeImporter
LogPluginManager: Mounting plugin DatasmithContent
LogPluginManager: Mounting plugin VariantManagerContent
LogPluginManager: Mounting plugin AlembicImporter
LogPluginManager: Mounting plugin AutomationUtils
LogPluginManager: Mounting plugin BackChannel
LogPluginManager: Mounting plugin CharacterAI
LogPluginManager: Mounting plugin GeometryCache
LogPluginManager: Mounting plugin PlatformCrypto
LogPluginManager: Mounting plugin ProxyLODPlugin
LogPluginManager: Mounting plugin SkeletalReduction
LogPluginManager: Mounting plugin MagicLeap
LogPluginManager: Mounting plugin MagicLeapMedia
LogPluginManager: Mounting plugin MLSDK
LogPluginManager: Mounting plugin AndroidMedia
LogPluginManager: Mounting plugin AvfMedia
LogPluginManager: Mounting plugin ImgMedia
LogPluginManager: Mounting plugin MediaCompositing
LogPluginManager: Mounting plugin MediaPlayerEditor
LogPluginManager: Mounting plugin WebMMedia
LogPluginManager: Mounting plugin WmfMedia
LogPluginManager: Mounting plugin TcpMessaging
LogPluginManager: Mounting plugin UdpMessaging
LogPluginManager: Mounting plugin ActorSequence
LogPluginManager: Mounting plugin LevelSequenceEditor
LogPluginManager: Mounting plugin MatineeToLevelSequence
LogPluginManager: Mounting plugin NetcodeUnitTest
LogPluginManager: Mounting plugin NUTUnrealEngine4
LogPluginManager: Mounting plugin OnlineSubsystemGooglePlay
LogPluginManager: Mounting plugin OnlineSubsystemIOS
LogPluginManager: Mounting plugin OnlineSubsystem
LogPluginManager: Mounting plugin OnlineSubsystemNull
LogPluginManager: Mounting plugin OnlineSubsystemUtils
LogPluginManager: Mounting plugin LauncherChunkInstaller
LogPluginManager: Mounting plugin AndroidDeviceProfileSelector
LogPluginManager: Mounting plugin AndroidMoviePlayer
LogPluginManager: Mounting plugin AndroidPermission
LogPluginManager: Mounting plugin AppleImageUtils
LogPluginManager: Mounting plugin AppleMoviePlayer
LogPluginManager: Mounting plugin ArchVisCharacter
LogPluginManager: Mounting plugin AssetTags
LogPluginManager: Mounting plugin AudioCapture
LogPluginManager: Mounting plugin CableComponent
LogPluginManager: Mounting plugin CustomMeshComponent
LogPluginManager: Mounting plugin EditableMesh
LogPluginManager: Mounting plugin ExampleDeviceProfileSelector
LogPluginManager: Mounting plugin GoogleCloudMessaging
LogPluginManager: Mounting plugin IOSDeviceProfileSelector
LogPluginManager: Mounting plugin LinuxDeviceProfileSelector
LogPluginManager: Mounting plugin LocationServicesBPLibrary
LogPluginManager: Mounting plugin MobilePatchingUtils
LogPluginManager: Mounting plugin OculusVR
LogPluginManager: Mounting plugin PhysXVehicles
LogPluginManager: Mounting plugin PostSplashScreen
LogPluginManager: Mounting plugin ProceduralMeshComponent
LogPluginManager: Mounting plugin RuntimePhysXCooking
LogPluginManager: Mounting plugin SignificanceManager
LogPluginManager: Mounting plugin SteamVR
LogPluginManager: Mounting plugin WebMMoviePlayer
LogPluginManager: Mounting plugin WindowsMoviePlayer
LogPluginManager: Mounting plugin ScreenshotTools
LogInit: Using libcurl 7.55.1-DEV
LogInit:  - built for x86_64-pc-win32
LogInit:  - supports SSL with OpenSSL/1.1.1
LogInit:  - supports HTTP deflate (compression) using libz 1.2.8
LogInit:  - other features:
LogInit:      CURL_VERSION_SSL
LogInit:      CURL_VERSION_LIBZ
LogInit:      CURL_VERSION_IPV6
LogInit:      CURL_VERSION_ASYNCHDNS
LogInit:      CURL_VERSION_LARGEFILE
LogInit:      CURL_VERSION_IDN
LogInit:  CurlRequestOptions (configurable via config and command line):
LogInit:  - bVerifyPeer = true  - Libcurl will verify peer certificate
LogInit:  - bUseHttpProxy = false  - Libcurl will NOT use HTTP proxy
LogInit:  - bDontReuseConnections = false  - Libcurl will reuse connections
LogInit:  - MaxHostConnections = 16  - Libcurl will limit the number of connections to a host
LogInit:  - LocalHostAddr = Default
LogInit:  - BufferSize = 65536
LogOnline: OSS: Creating online subsystem instance for: NULL
LogInit: WinSock: version 1.1 (2.2), MaxSocks=32767, MaxUdp=65467
LogOnline: OSS: TryLoadSubsystemAndSetDefault: Loaded subsystem for module [NULL]
LogHMD: Failed initializing OVRPlugin 1.40.0
LogInit: Build: ++UE4+Release-4.24-CL-10757647
LogInit: Engine Version: 4.24.1-10757647+++UE4+Release-4.24
LogInit: Compatible Engine Version: 4.24.0-10570792+++UE4+Release-4.24
LogInit: Net CL: 10570792
LogInit: OS: Windows 10 (Release 1903) (), CPU: Intel(R) Core(TM) i7-6700HQ CPU @ 2.60GHz, GPU: Intel(R) HD Graphics 530
LogInit: Compiled (64-bit): Dec 17 2019 02:08:03
LogInit: Compiled with Visual C++: 19.16.27032.01
LogInit: Build Configuration: Development
LogInit: Branch Name: ++UE4+Release-4.24
LogInit: Command Line: 
LogInit: Base Directory: D:/Games/UE_4.24/Engine/Binaries/Win64/
LogInit: Installed Engine Build: 1
LogDevObjectVersion: Number of dev versions registered: 25
LogDevObjectVersion:   Dev-Blueprints (B0D832E4-1F89-4F0D-ACCF-7EB736FD4AA2): 10
LogDevObjectVersion:   Dev-Build (E1C64328-A22C-4D53-A36C-8E866417BD8C): 0
LogDevObjectVersion:   Dev-Core (375EC13C-06E4-48FB-B500-84F0262A717E): 3
LogDevObjectVersion:   Dev-Editor (E4B068ED-F494-42E9-A231-DA0B2E46BB41): 37
LogDevObjectVersion:   Dev-Framework (CFFC743F-43B0-4480-9391-14DF171D2073): 36
LogDevObjectVersion:   Dev-Mobile (B02B49B5-BB20-44E9-A304-32B752E40360): 2
LogDevObjectVersion:   Dev-Networking (A4E4105C-59A1-49B5-A7C5-40C4547EDFEE): 0
LogDevObjectVersion:   Dev-Online (39C831C9-5AE6-47DC-9A44-9C173E1C8E7C): 0
LogDevObjectVersion:   Dev-Physics (78F01B33-EBEA-4F98-B9B4-84EACCB95AA2): 2
LogDevObjectVersion:   Dev-Platform (6631380F-2D4D-43E0-8009-CF276956A95A): 0
LogDevObjectVersion:   Dev-Rendering (12F88B9F-8875-4AFC-A67C-D90C383ABD29): 36
LogDevObjectVersion:   Dev-Sequencer (7B5AE74C-D270-4C10-A958-57980B212A5A): 11
LogDevObjectVersion:   Dev-VR (D7296918-1DD6-4BDD-9DE2-64A83CC13884): 2
LogDevObjectVersion:   Dev-LoadTimes (C2A15278-BFE7-4AFE-6C17-90FF531DF755): 1
LogDevObjectVersion:   Private-Geometry (6EACA3D4-40EC-4CC1-B786-8BED09428FC5): 3
LogDevObjectVersion:   Dev-AnimPhys (29E575DD-E0A3-4627-9D10-D276232CDCEA): 17
LogDevObjectVersion:   Dev-Anim (AF43A65D-7FD3-4947-9873-3E8ED9C1BB05): 2
LogDevObjectVersion:   Dev-ReflectionCapture (6B266CEC-1EC7-4B8F-A30B-E4D90942FC07): 1
LogDevObjectVersion:   Dev-Automation (0DF73D61-A23F-47EA-B727-89E90C41499A): 1
LogDevObjectVersion:   FortniteMain (601D1886-AC64-4F84-AA16-D3DE0DEAC7D6): 31
LogDevObjectVersion:   Dev-Enterprise (9DFFBCD6-494F-0158-E221-12823C92A888): 8
LogDevObjectVersion:   Dev-Niagara (F2AED0AC-9AFE-416F-8664-AA7FFA26D6FC): 1
LogDevObjectVersion:   Dev-Destruction (174F1F0B-B4C6-45A5-B13F-2EE8D0FB917D): 9
LogDevObjectVersion:   Dev-Physics-Ext (35F94A83-E258-406C-A318-09F59610247C): 8
LogDevObjectVersion:   Dev-CineCamera (B2E18506-4273-CFC2-A54E-F4BB758BBA07): 1
LogInit: Presizing for max 25165824 objects, including 0 objects not considered by GC, pre-allocating 0 bytes for permanent pool.
LogInit: Object subsystem initialized
LogConfig: Setting CVar [[con.DebugEarlyDefault:1]]
LogConfig: Setting CVar [[r.setres:1280x720]]
[2020.01.28-22.58.22:702][  0]LogConfig: Setting CVar [[r.VSync:0]]
[2020.01.28-22.58.22:702][  0]LogConfig: Setting CVar [[r.RHICmdBypass:0]]
[2020.01.28-22.58.22:702][  0]LogConfig: Applying CVar settings from Section [/Script/Engine.RendererSettings] File [D:/GitHub/TheThreePaintings-UE4-Project/ThreePaintingProject/Saved/Config/Windows/Engine.ini]
[2020.01.28-22.58.22:702][  0]LogConfig: Setting CVar [[r.GPUCrashDebugging:0]]
[2020.01.28-22.58.22:702][  0]LogConfig: Applying CVar settings from Section [/Script/Engine.RendererOverrideSettings] File [D:/GitHub/TheThreePaintings-UE4-Project/ThreePaintingProject/Saved/Config/Windows/Engine.ini]
[2020.01.28-22.58.22:702][  0]LogConfig: Applying CVar settings from Section [/Script/Engine.StreamingSettings] File [D:/GitHub/TheThreePaintings-UE4-Project/ThreePaintingProject/Saved/Config/Windows/Engine.ini]
[2020.01.28-22.58.22:702][  0]LogConfig: Setting CVar [[s.MinBulkDataSizeForAsyncLoading:131072]]
[2020.01.28-22.58.22:702][  0]LogConfig: Setting CVar [[s.AsyncLoadingThreadEnabled:0]]
[2020.01.28-22.58.22:703][  0]LogConfig: Setting CVar [[s.EventDrivenLoaderEnabled:1]]
[2020.01.28-22.58.22:703][  0]LogConfig: Setting CVar [[s.WarnIfTimeLimitExceeded:0]]
[2020.01.28-22.58.22:703][  0]LogConfig: Setting CVar [[s.TimeLimitExceededMultiplier:1.5]]
[2020.01.28-22.58.22:703][  0]LogConfig: Setting CVar [[s.TimeLimitExceededMinTime:0.005]]
[2020.01.28-22.58.22:703][  0]LogConfig: Setting CVar [[s.UseBackgroundLevelStreaming:1]]
[2020.01.28-22.58.22:703][  0]LogConfig: Setting CVar [[s.PriorityAsyncLoadingExtraTime:15.0]]
[2020.01.28-22.58.22:703][  0]LogConfig: Setting CVar [[s.LevelStreamingActorsUpdateTimeLimit:5.0]]
[2020.01.28-22.58.22:703][  0]LogConfig: Setting CVar [[s.PriorityLevelStreamingActorsUpdateExtraTime:5.0]]
[2020.01.28-22.58.22:703][  0]LogConfig: Setting CVar [[s.LevelStreamingComponentsRegistrationGranularity:10]]
[2020.01.28-22.58.22:703][  0]LogConfig: Setting CVar [[s.UnregisterComponentsTimeLimit:1.0]]
[2020.01.28-22.58.22:703][  0]LogConfig: Setting CVar [[s.LevelStreamingComponentsUnregistrationGranularity:5]]
[2020.01.28-22.58.22:703][  0]LogConfig: Setting CVar [[s.FlushStreamingOnExit:1]]
[2020.01.28-22.58.22:703][  0]LogConfig: Applying CVar settings from Section [/Script/Engine.GarbageCollectionSettings] File [D:/GitHub/TheThreePaintings-UE4-Project/ThreePaintingProject/Saved/Config/Windows/Engine.ini]
[2020.01.28-22.58.22:703][  0]LogConfig: Setting CVar [[gc.MaxObjectsNotConsideredByGC:1]]
[2020.01.28-22.58.22:703][  0]LogConfig: Setting CVar [[gc.SizeOfPermanentObjectPool:0]]
[2020.01.28-22.58.22:703][  0]LogConfig: Setting CVar [[gc.FlushStreamingOnGC:0]]
[2020.01.28-22.58.22:703][  0]LogConfig: Setting CVar [[gc.NumRetriesBeforeForcingGC:10]]
[2020.01.28-22.58.22:703][  0]LogConfig: Setting CVar [[gc.AllowParallelGC:1]]
[2020.01.28-22.58.22:703][  0]LogConfig: Setting CVar [[gc.TimeBetweenPurgingPendingKillObjects:61.1]]
[2020.01.28-22.58.22:703][  0]LogConfig: Setting CVar [[gc.MaxObjectsInEditor:25165824]]
[2020.01.28-22.58.22:703][  0]LogConfig: Setting CVar [[gc.IncrementalBeginDestroyEnabled:1]]
[2020.01.28-22.58.22:703][  0]LogConfig: Setting CVar [[gc.CreateGCClusters:1]]
[2020.01.28-22.58.22:703][  0]LogConfig: Setting CVar [[gc.MinGCClusterSize:5]]
[2020.01.28-22.58.22:703][  0]LogConfig: Setting CVar [[gc.ActorClusteringEnabled:0]]
[2020.01.28-22.58.22:703][  0]LogConfig: Setting CVar [[gc.BlueprintClusteringEnabled:0]]
[2020.01.28-22.58.22:703][  0]LogConfig: Setting CVar [[gc.UseDisregardForGCOnDedicatedServers:0]]
[2020.01.28-22.58.22:703][  0]LogConfig: Applying CVar settings from Section [/Script/Engine.NetworkSettings] File [D:/GitHub/TheThreePaintings-UE4-Project/ThreePaintingProject/Saved/Config/Windows/Engine.ini]
[2020.01.28-22.58.22:703][  0]LogConfig: Applying CVar settings from Section [/Script/UnrealEd.CookerSettings] File [D:/GitHub/TheThreePaintings-UE4-Project/ThreePaintingProject/Saved/Config/Windows/Engine.ini]
[2020.01.28-22.58.22:859][  0]LogConfig: Applying CVar settings from Section [ViewDistanceQuality@3] File [D:/GitHub/TheThreePaintings-UE4-Project/ThreePaintingProject/Saved/Config/Windows/Scalability.ini]
[2020.01.28-22.58.22:859][  0]LogConfig: Setting CVar [[r.SkeletalMeshLODBias:0]]
[2020.01.28-22.58.22:859][  0]LogConfig: Setting CVar [[r.ViewDistanceScale:1.0]]
[2020.01.28-22.58.22:859][  0]LogConfig: Applying CVar settings from Section [AntiAliasingQuality@3] File [D:/GitHub/TheThreePaintings-UE4-Project/ThreePaintingProject/Saved/Config/Windows/Scalability.ini]
[2020.01.28-22.58.22:859][  0]LogConfig: Setting CVar [[r.PostProcessAAQuality:4]]
[2020.01.28-22.58.22:859][  0]LogConfig: Applying CVar settings from Section [ShadowQuality@3] File [D:/GitHub/TheThreePaintings-UE4-Project/ThreePaintingProject/Saved/Config/Windows/Scalability.ini]
[2020.01.28-22.58.22:859][  0]LogConfig: Setting CVar [[r.LightFunctionQuality:1]]
[2020.01.28-22.58.22:859][  0]LogConfig: Setting CVar [[r.ShadowQuality:5]]
[2020.01.28-22.58.22:859][  0]LogConfig: Setting CVar [[r.Shadow.CSM.MaxCascades:10]]
[2020.01.28-22.58.22:859][  0]LogConfig: Setting CVar [[r.Shadow.MaxResolution:2048]]
[2020.01.28-22.58.22:859][  0]LogConfig: Setting CVar [[r.Shadow.MaxCSMResolution:2048]]
[2020.01.28-22.58.22:859][  0]LogConfig: Setting CVar [[r.Shadow.RadiusThreshold:0.01]]
[2020.01.28-22.58.22:859][  0]LogConfig: Setting CVar [[r.Shadow.DistanceScale:1.0]]
[2020.01.28-22.58.22:859][  0]LogConfig: Setting CVar [[r.Shadow.CSM.TransitionScale:1.0]]
[2020.01.28-22.58.22:859][  0]LogConfig: Setting CVar [[r.Shadow.PreShadowResolutionFactor:1.0]]
[2020.01.28-22.58.22:859][  0]LogConfig: Setting CVar [[r.DistanceFieldShadowing:1]]
[2020.01.28-22.58.22:859][  0]LogConfig: Setting CVar [[r.DistanceFieldAO:1]]
[2020.01.28-22.58.22:859][  0]LogConfig: Setting CVar [[r.AOQuality:2]]
[2020.01.28-22.58.22:859][  0]LogConfig: Setting CVar [[r.VolumetricFog:1]]
[2020.01.28-22.58.22:859][  0]LogConfig: Setting CVar [[r.VolumetricFog.GridPixelSize:8]]
[2020.01.28-22.58.22:859][  0]LogConfig: Setting CVar [[r.VolumetricFog.GridSizeZ:128]]
[2020.01.28-22.58.22:859][  0]LogConfig: Setting CVar [[r.VolumetricFog.HistoryMissSupersampleCount:4]]
[2020.01.28-22.58.22:859][  0]LogConfig: Setting CVar [[r.LightMaxDrawDistanceScale:1]]
[2020.01.28-22.58.22:859][  0]LogConfig: Setting CVar [[r.CapsuleShadows:1]]
[2020.01.28-22.58.22:859][  0]LogConfig: Applying CVar settings from Section [PostProcessQuality@3] File [D:/GitHub/TheThreePaintings-UE4-Project/ThreePaintingProject/Saved/Config/Windows/Scalability.ini]
[2020.01.28-22.58.22:859][  0]LogConfig: Setting CVar [[r.MotionBlurQuality:4]]
[2020.01.28-22.58.22:859][  0]LogConfig: Setting CVar [[r.AmbientOcclusionMipLevelFactor:0.4]]
[2020.01.28-22.58.22:860][  0]LogConfig: Setting CVar [[r.AmbientOcclusionMaxQuality:100]]
[2020.01.28-22.58.22:860][  0]LogConfig: Setting CVar [[r.AmbientOcclusionLevels:-1]]
[2020.01.28-22.58.22:860][  0]LogConfig: Setting CVar [[r.AmbientOcclusionRadiusScale:1.0]]
[2020.01.28-22.58.22:860][  0]LogConfig: Setting CVar [[r.DepthOfFieldQuality:2]]
[2020.01.28-22.58.22:860][  0]LogConfig: Setting CVar [[r.RenderTargetPoolMin:400]]
[2020.01.28-22.58.22:860][  0]LogConfig: Setting CVar [[r.LensFlareQuality:2]]
[2020.01.28-22.58.22:860][  0]LogConfig: Setting CVar [[r.SceneColorFringeQuality:1]]
[2020.01.28-22.58.22:860][  0]LogConfig: Setting CVar [[r.EyeAdaptationQuality:2]]
[2020.01.28-22.58.22:860][  0]LogConfig: Setting CVar [[r.BloomQuality:5]]
[2020.01.28-22.58.22:860][  0]LogConfig: Setting CVar [[r.FastBlurThreshold:100]]
[2020.01.28-22.58.22:860][  0]LogConfig: Setting CVar [[r.Upscale.Quality:3]]
[2020.01.28-22.58.22:860][  0]LogConfig: Setting CVar [[r.Tonemapper.GrainQuantization:1]]
[2020.01.28-22.58.22:860][  0]LogConfig: Setting CVar [[r.LightShaftQuality:1]]
[2020.01.28-22.58.22:860][  0]LogConfig: Setting CVar [[r.Filter.SizeScale:1]]
[2020.01.28-22.58.22:860][  0]LogConfig: Setting CVar [[r.Tonemapper.Quality:5]]
[2020.01.28-22.58.22:860][  0]LogConfig: Setting CVar [[r.DOF.Gather.AccumulatorQuality:1        ; higher gathering accumulator quality]]
[2020.01.28-22.58.22:860][  0]LogConfig: Setting CVar [[r.DOF.Gather.PostfilterMethod:1          ; Median3x3 postfilering method]]
[2020.01.28-22.58.22:860][  0]LogConfig: Setting CVar [[r.DOF.Gather.EnableBokehSettings:0       ; no bokeh simulation when gathering]]
[2020.01.28-22.58.22:860][  0]LogConfig: Setting CVar [[r.DOF.Gather.RingCount:4                 ; medium number of samples when gathering]]
[2020.01.28-22.58.22:860][  0]LogConfig: Setting CVar [[r.DOF.Scatter.ForegroundCompositing:1    ; additive foreground scattering]]
[2020.01.28-22.58.22:860][  0]LogConfig: Setting CVar [[r.DOF.Scatter.BackgroundCompositing:2    ; additive background scattering]]
[2020.01.28-22.58.22:860][  0]LogConfig: Setting CVar [[r.DOF.Scatter.EnableBokehSettings:1      ; bokeh simulation when scattering]]
[2020.01.28-22.58.22:860][  0]LogConfig: Setting CVar [[r.DOF.Scatter.MaxSpriteRatio:0.1         ; only a maximum of 10% of scattered bokeh]]
[2020.01.28-22.58.22:860][  0]LogConfig: Setting CVar [[r.DOF.Recombine.Quality:1                ; cheap slight out of focus]]
[2020.01.28-22.58.22:860][  0]LogConfig: Setting CVar [[r.DOF.Recombine.EnableBokehSettings:0    ; no bokeh simulation on slight out of focus]]
[2020.01.28-22.58.22:860][  0]LogConfig: Setting CVar [[r.DOF.TemporalAAQuality:1                ; more stable temporal accumulation]]
[2020.01.28-22.58.22:860][  0]LogConfig: Setting CVar [[r.DOF.Kernel.MaxForegroundRadius:0.025]]
[2020.01.28-22.58.22:860][  0]LogConfig: Setting CVar [[r.DOF.Kernel.MaxBackgroundRadius:0.025]]
[2020.01.28-22.58.22:860][  0]LogConfig: Applying CVar settings from Section [TextureQuality@3] File [D:/GitHub/TheThreePaintings-UE4-Project/ThreePaintingProject/Saved/Config/Windows/Scalability.ini]
[2020.01.28-22.58.22:860][  0]LogConfig: Setting CVar [[r.Streaming.MipBias:0]]
[2020.01.28-22.58.22:860][  0]LogConfig: Setting CVar [[r.Streaming.AmortizeCPUToGPUCopy:0]]
[2020.01.28-22.58.22:860][  0]LogConfig: Setting CVar [[r.Streaming.MaxNumTexturesToStreamPerFrame:0]]
[2020.01.28-22.58.22:860][  0]LogConfig: Setting CVar [[r.Streaming.Boost:1]]
[2020.01.28-22.58.22:860][  0]LogConfig: Setting CVar [[r.MaxAnisotropy:8]]
[2020.01.28-22.58.22:860][  0]LogConfig: Setting CVar [[r.VT.MaxAnisotropy:8]]
[2020.01.28-22.58.22:860][  0]LogConfig: Setting CVar [[r.Streaming.LimitPoolSizeToVRAM:0]]
[2020.01.28-22.58.22:860][  0]LogConfig: Setting CVar [[r.Streaming.PoolSize:1000]]
[2020.01.28-22.58.22:860][  0]LogConfig: Setting CVar [[r.Streaming.MaxEffectiveScreenSize:0]]
[2020.01.28-22.58.22:860][  0]LogConfig: Applying CVar settings from Section [EffectsQuality@3] File [D:/GitHub/TheThreePaintings-UE4-Project/ThreePaintingProject/Saved/Config/Windows/Scalability.ini]
[2020.01.28-22.58.22:860][  0]LogConfig: Setting CVar [[r.TranslucencyLightingVolumeDim:64]]
[2020.01.28-22.58.22:860][  0]LogConfig: Setting CVar [[r.RefractionQuality:2]]
[2020.01.28-22.58.22:860][  0]LogConfig: Setting CVar [[r.SSR.Quality:3]]
[2020.01.28-22.58.22:860][  0]LogConfig: Setting CVar [[r.SSR.HalfResSceneColor:0]]
[2020.01.28-22.58.22:860][  0]LogConfig: Setting CVar [[r.SceneColorFormat:4]]
[2020.01.28-22.58.22:860][  0]LogConfig: Setting CVar [[r.DetailMode:2]]
[2020.01.28-22.58.22:860][  0]LogConfig: Setting CVar [[r.TranslucencyVolumeBlur:1]]
[2020.01.28-22.58.22:860][  0]LogConfig: Setting CVar [[r.MaterialQualityLevel:1 ; High quality]]
[2020.01.28-22.58.22:860][  0]LogConfig: Setting CVar [[r.SSS.Scale:1]]
[2020.01.28-22.58.22:860][  0]LogConfig: Setting CVar [[r.SSS.SampleSet:2]]
[2020.01.28-22.58.22:860][  0]LogConfig: Setting CVar [[r.SSS.Quality:1]]
[2020.01.28-22.58.22:860][  0]LogConfig: Setting CVar [[r.SSS.HalfRes:1]]
[2020.01.28-22.58.22:860][  0]LogConfig: Setting CVar [[r.SSGI.Quality:3]]
[2020.01.28-22.58.22:860][  0]LogConfig: Setting CVar [[r.EmitterSpawnRateScale:1.0]]
[2020.01.28-22.58.22:860][  0]LogConfig: Setting CVar [[r.ParticleLightQuality:2]]
[2020.01.28-22.58.22:860][  0]LogConfig: Setting CVar [[r.SkyAtmosphere.AerialPerspectiveLUT.FastApplyOnOpaque:1 ; Always have FastSkyLUT 1 in this case to avoid wrong sky]]
[2020.01.28-22.58.22:860][  0]LogConfig: Setting CVar [[r.SkyAtmosphere.AerialPerspectiveLUT.SampleCountPerSlice:1]]
[2020.01.28-22.58.22:861][  0]LogConfig: Setting CVar [[r.SkyAtmosphere.AerialPerspectiveLUT.DepthResolution:16.0]]
[2020.01.28-22.58.22:861][  0]LogConfig: Setting CVar [[r.SkyAtmosphere.FastSkyLUT:1]]
[2020.01.28-22.58.22:861][  0]LogConfig: Setting CVar [[r.SkyAtmosphere.FastSkyLUT.SampleCountMin:4.0]]
[2020.01.28-22.58.22:861][  0]LogConfig: Setting CVar [[r.SkyAtmosphere.FastSkyLUT.SampleCountMax:32.0]]
[2020.01.28-22.58.22:861][  0]LogConfig: Setting CVar [[r.SkyAtmosphere.SampleCountMin:4.0]]
[2020.01.28-22.58.22:861][  0]LogConfig: Setting CVar [[r.SkyAtmosphere.SampleCountMax:32.0]]
[2020.01.28-22.58.22:861][  0]LogConfig: Setting CVar [[r.SkyAtmosphere.TransmittanceLUT.UseSmallFormat:0]]
[2020.01.28-22.58.22:861][  0]LogConfig: Setting CVar [[r.SkyAtmosphere.TransmittanceLUT.SampleCount:10.0]]
[2020.01.28-22.58.22:861][  0]LogConfig: Setting CVar [[r.SkyAtmosphere.MultiScatteringLUT.SampleCount:15.0]]
[2020.01.28-22.58.22:861][  0]LogConfig: Applying CVar settings from Section [FoliageQuality@3] File [D:/GitHub/TheThreePaintings-UE4-Project/ThreePaintingProject/Saved/Config/Windows/Scalability.ini]
[2020.01.28-22.58.22:861][  0]LogConfig: Setting CVar [[foliage.DensityScale:1.0]]
[2020.01.28-22.58.22:861][  0]LogConfig: Setting CVar [[grass.DensityScale:1.0]]
[2020.01.28-22.58.22:861][  0]LogConfig: Applying CVar settings from Section [ShadingQuality@3] File [D:/GitHub/TheThreePaintings-UE4-Project/ThreePaintingProject/Saved/Config/Windows/Scalability.ini]
[2020.01.28-22.58.22:861][  0]LogConfig: Setting CVar [[r.HairStrands.SkyLighting.SampleCount:16]]
[2020.01.28-22.58.22:861][  0]LogConfig: Setting CVar [[r.HairStrands.SkyLighting.JitterIntegration:0]]
[2020.01.28-22.58.22:861][  0]LogConfig: Setting CVar [[r.HairStrands.SkyAO.SampleCount:16]]
[2020.01.28-22.58.22:875][  0]LogInit: Selected Device Profile: [Windows]
[2020.01.28-22.58.22:875][  0]LogInit: Applying CVar settings loaded from the selected device profile: [Windows]
[2020.01.28-22.58.22:970][  0]LogHAL: Display: Platform has ~ 16 GB [17039155200 / 17179869184 / 16], which maps to Larger [LargestMinGB=32, LargerMinGB=12, DefaultMinGB=8, SmallerMinGB=6, SmallestMinGB=0)
[2020.01.28-22.58.22:970][  0]LogInit: Going up to parent DeviceProfile []
[2020.01.28-22.58.22:970][  0]LogConfig: Applying CVar settings from Section [ViewDistanceQuality@3] File [D:/GitHub/TheThreePaintings-UE4-Project/ThreePaintingProject/Saved/Config/Windows/Scalability.ini]
[2020.01.28-22.58.22:970][  0]LogConfig: Setting CVar [[r.SkeletalMeshLODBias:0]]
[2020.01.28-22.58.22:970][  0]LogConfig: Setting CVar [[r.ViewDistanceScale:1.0]]
[2020.01.28-22.58.22:970][  0]LogConfig: Applying CVar settings from Section [AntiAliasingQuality@3] File [D:/GitHub/TheThreePaintings-UE4-Project/ThreePaintingProject/Saved/Config/Windows/Scalability.ini]
[2020.01.28-22.58.22:970][  0]LogConfig: Setting CVar [[r.PostProcessAAQuality:4]]
[2020.01.28-22.58.22:970][  0]LogConfig: Applying CVar settings from Section [ShadowQuality@3] File [D:/GitHub/TheThreePaintings-UE4-Project/ThreePaintingProject/Saved/Config/Windows/Scalability.ini]
[2020.01.28-22.58.22:970][  0]LogConfig: Setting CVar [[r.LightFunctionQuality:1]]
[2020.01.28-22.58.22:970][  0]LogConfig: Setting CVar [[r.ShadowQuality:5]]
[2020.01.28-22.58.22:970][  0]LogConfig: Setting CVar [[r.Shadow.CSM.MaxCascades:10]]
[2020.01.28-22.58.22:970][  0]LogConfig: Setting CVar [[r.Shadow.MaxResolution:2048]]
[2020.01.28-22.58.22:970][  0]LogConfig: Setting CVar [[r.Shadow.MaxCSMResolution:2048]]
[2020.01.28-22.58.22:970][  0]LogConfig: Setting CVar [[r.Shadow.RadiusThreshold:0.01]]
[2020.01.28-22.58.22:970][  0]LogConfig: Setting CVar [[r.Shadow.DistanceScale:1.0]]
[2020.01.28-22.58.22:970][  0]LogConfig: Setting CVar [[r.Shadow.CSM.TransitionScale:1.0]]
[2020.01.28-22.58.22:970][  0]LogConfig: Setting CVar [[r.Shadow.PreShadowResolutionFactor:1.0]]
[2020.01.28-22.58.22:970][  0]LogConfig: Setting CVar [[r.DistanceFieldShadowing:1]]
[2020.01.28-22.58.22:970][  0]LogConfig: Setting CVar [[r.DistanceFieldAO:1]]
[2020.01.28-22.58.22:970][  0]LogConfig: Setting CVar [[r.AOQuality:2]]
[2020.01.28-22.58.22:970][  0]LogConfig: Setting CVar [[r.VolumetricFog:1]]
[2020.01.28-22.58.22:970][  0]LogConfig: Setting CVar [[r.VolumetricFog.GridPixelSize:8]]
[2020.01.28-22.58.22:970][  0]LogConfig: Setting CVar [[r.VolumetricFog.GridSizeZ:128]]
[2020.01.28-22.58.22:970][  0]LogConfig: Setting CVar [[r.VolumetricFog.HistoryMissSupersampleCount:4]]
[2020.01.28-22.58.22:970][  0]LogConfig: Setting CVar [[r.LightMaxDrawDistanceScale:1]]
[2020.01.28-22.58.22:970][  0]LogConfig: Setting CVar [[r.CapsuleShadows:1]]
[2020.01.28-22.58.22:970][  0]LogConfig: Applying CVar settings from Section [PostProcessQuality@3] File [D:/GitHub/TheThreePaintings-UE4-Project/ThreePaintingProject/Saved/Config/Windows/Scalability.ini]
[2020.01.28-22.58.22:970][  0]LogConfig: Setting CVar [[r.MotionBlurQuality:4]]
[2020.01.28-22.58.22:970][  0]LogConfig: Setting CVar [[r.AmbientOcclusionMipLevelFactor:0.4]]
[2020.01.28-22.58.22:970][  0]LogConfig: Setting CVar [[r.AmbientOcclusionMaxQuality:100]]
[2020.01.28-22.58.22:970][  0]LogConfig: Setting CVar [[r.AmbientOcclusionLevels:-1]]
[2020.01.28-22.58.22:970][  0]LogConfig: Setting CVar [[r.AmbientOcclusionRadiusScale:1.0]]
[2020.01.28-22.58.22:970][  0]LogConfig: Setting CVar [[r.DepthOfFieldQuality:2]]
[2020.01.28-22.58.22:970][  0]LogConfig: Setting CVar [[r.RenderTargetPoolMin:400]]
[2020.01.28-22.58.22:970][  0]LogConfig: Setting CVar [[r.LensFlareQuality:2]]
[2020.01.28-22.58.22:970][  0]LogConfig: Setting CVar [[r.SceneColorFringeQuality:1]]
[2020.01.28-22.58.22:970][  0]LogConfig: Setting CVar [[r.EyeAdaptationQuality:2]]
[2020.01.28-22.58.22:970][  0]LogConfig: Setting CVar [[r.BloomQuality:5]]
[2020.01.28-22.58.22:970][  0]LogConfig: Setting CVar [[r.FastBlurThreshold:100]]
[2020.01.28-22.58.22:970][  0]LogConfig: Setting CVar [[r.Upscale.Quality:3]]
[2020.01.28-22.58.22:970][  0]LogConfig: Setting CVar [[r.Tonemapper.GrainQuantization:1]]
[2020.01.28-22.58.22:970][  0]LogConfig: Setting CVar [[r.LightShaftQuality:1]]
[2020.01.28-22.58.22:970][  0]LogConfig: Setting CVar [[r.Filter.SizeScale:1]]
[2020.01.28-22.58.22:970][  0]LogConfig: Setting CVar [[r.Tonemapper.Quality:5]]
[2020.01.28-22.58.22:970][  0]LogConfig: Setting CVar [[r.DOF.Gather.AccumulatorQuality:1        ; higher gathering accumulator quality]]
[2020.01.28-22.58.22:970][  0]LogConfig: Setting CVar [[r.DOF.Gather.PostfilterMethod:1          ; Median3x3 postfilering method]]
[2020.01.28-22.58.22:970][  0]LogConfig: Setting CVar [[r.DOF.Gather.EnableBokehSettings:0       ; no bokeh simulation when gathering]]
[2020.01.28-22.58.22:970][  0]LogConfig: Setting CVar [[r.DOF.Gather.RingCount:4                 ; medium number of samples when gathering]]
[2020.01.28-22.58.22:970][  0]LogConfig: Setting CVar [[r.DOF.Scatter.ForegroundCompositing:1    ; additive foreground scattering]]
[2020.01.28-22.58.22:970][  0]LogConfig: Setting CVar [[r.DOF.Scatter.BackgroundCompositing:2    ; additive background scattering]]
[2020.01.28-22.58.22:970][  0]LogConfig: Setting CVar [[r.DOF.Scatter.EnableBokehSettings:1      ; bokeh simulation when scattering]]
[2020.01.28-22.58.22:970][  0]LogConfig: Setting CVar [[r.DOF.Scatter.MaxSpriteRatio:0.1         ; only a maximum of 10% of scattered bokeh]]
[2020.01.28-22.58.22:970][  0]LogConfig: Setting CVar [[r.DOF.Recombine.Quality:1                ; cheap slight out of focus]]
[2020.01.28-22.58.22:970][  0]LogConfig: Setting CVar [[r.DOF.Recombine.EnableBokehSettings:0    ; no bokeh simulation on slight out of focus]]
[2020.01.28-22.58.22:970][  0]LogConfig: Setting CVar [[r.DOF.TemporalAAQuality:1                ; more stable temporal accumulation]]
[2020.01.28-22.58.22:970][  0]LogConfig: Setting CVar [[r.DOF.Kernel.MaxForegroundRadius:0.025]]
[2020.01.28-22.58.22:970][  0]LogConfig: Setting CVar [[r.DOF.Kernel.MaxBackgroundRadius:0.025]]
[2020.01.28-22.58.22:970][  0]LogConfig: Applying CVar settings from Section [TextureQuality@3] File [D:/GitHub/TheThreePaintings-UE4-Project/ThreePaintingProject/Saved/Config/Windows/Scalability.ini]
[2020.01.28-22.58.22:970][  0]LogConfig: Setting CVar [[r.Streaming.MipBias:0]]
[2020.01.28-22.58.22:970][  0]LogConfig: Setting CVar [[r.Streaming.AmortizeCPUToGPUCopy:0]]
[2020.01.28-22.58.22:970][  0]LogConfig: Setting CVar [[r.Streaming.MaxNumTexturesToStreamPerFrame:0]]
[2020.01.28-22.58.22:970][  0]LogConfig: Setting CVar [[r.Streaming.Boost:1]]
[2020.01.28-22.58.22:970][  0]LogConfig: Setting CVar [[r.MaxAnisotropy:8]]
[2020.01.28-22.58.22:970][  0]LogConfig: Setting CVar [[r.VT.MaxAnisotropy:8]]
[2020.01.28-22.58.22:970][  0]LogConfig: Setting CVar [[r.Streaming.LimitPoolSizeToVRAM:0]]
[2020.01.28-22.58.22:970][  0]LogConfig: Setting CVar [[r.Streaming.PoolSize:1000]]
[2020.01.28-22.58.22:970][  0]LogConfig: Setting CVar [[r.Streaming.MaxEffectiveScreenSize:0]]
[2020.01.28-22.58.22:970][  0]LogConfig: Applying CVar settings from Section [EffectsQuality@3] File [D:/GitHub/TheThreePaintings-UE4-Project/ThreePaintingProject/Saved/Config/Windows/Scalability.ini]
[2020.01.28-22.58.22:970][  0]LogConfig: Setting CVar [[r.TranslucencyLightingVolumeDim:64]]
[2020.01.28-22.58.22:970][  0]LogConfig: Setting CVar [[r.RefractionQuality:2]]
[2020.01.28-22.58.22:970][  0]LogConfig: Setting CVar [[r.SSR.Quality:3]]
[2020.01.28-22.58.22:970][  0]LogConfig: Setting CVar [[r.SSR.HalfResSceneColor:0]]
[2020.01.28-22.58.22:970][  0]LogConfig: Setting CVar [[r.SceneColorFormat:4]]
[2020.01.28-22.58.22:970][  0]LogConfig: Setting CVar [[r.DetailMode:2]]
[2020.01.28-22.58.22:970][  0]LogConfig: Setting CVar [[r.TranslucencyVolumeBlur:1]]
[2020.01.28-22.58.22:970][  0]LogConfig: Setting CVar [[r.MaterialQualityLevel:1 ; High quality]]
[2020.01.28-22.58.22:970][  0]LogConfig: Setting CVar [[r.SSS.Scale:1]]
[2020.01.28-22.58.22:970][  0]LogConfig: Setting CVar [[r.SSS.SampleSet:2]]
[2020.01.28-22.58.22:970][  0]LogConfig: Setting CVar [[r.SSS.Quality:1]]
[2020.01.28-22.58.22:970][  0]LogConfig: Setting CVar [[r.SSS.HalfRes:1]]
[2020.01.28-22.58.22:970][  0]LogConfig: Setting CVar [[r.SSGI.Quality:3]]
[2020.01.28-22.58.22:970][  0]LogConfig: Setting CVar [[r.EmitterSpawnRateScale:1.0]]
[2020.01.28-22.58.22:970][  0]LogConfig: Setting CVar [[r.ParticleLightQuality:2]]
[2020.01.28-22.58.22:970][  0]LogConfig: Setting CVar [[r.SkyAtmosphere.AerialPerspectiveLUT.FastApplyOnOpaque:1 ; Always have FastSkyLUT 1 in this case to avoid wrong sky]]
[2020.01.28-22.58.22:971][  0]LogConfig: Setting CVar [[r.SkyAtmosphere.AerialPerspectiveLUT.SampleCountPerSlice:1]]
[2020.01.28-22.58.22:971][  0]LogConfig: Setting CVar [[r.SkyAtmosphere.AerialPerspectiveLUT.DepthResolution:16.0]]
[2020.01.28-22.58.22:971][  0]LogConfig: Setting CVar [[r.SkyAtmosphere.FastSkyLUT:1]]
[2020.01.28-22.58.22:971][  0]LogConfig: Setting CVar [[r.SkyAtmosphere.FastSkyLUT.SampleCountMin:4.0]]
[2020.01.28-22.58.22:971][  0]LogConfig: Setting CVar [[r.SkyAtmosphere.FastSkyLUT.SampleCountMax:32.0]]
[2020.01.28-22.58.22:971][  0]LogConfig: Setting CVar [[r.SkyAtmosphere.SampleCountMin:4.0]]
[2020.01.28-22.58.22:971][  0]LogConfig: Setting CVar [[r.SkyAtmosphere.SampleCountMax:32.0]]
[2020.01.28-22.58.22:971][  0]LogConfig: Setting CVar [[r.SkyAtmosphere.TransmittanceLUT.UseSmallFormat:0]]
[2020.01.28-22.58.22:971][  0]LogConfig: Setting CVar [[r.SkyAtmosphere.TransmittanceLUT.SampleCount:10.0]]
[2020.01.28-22.58.22:971][  0]LogConfig: Setting CVar [[r.SkyAtmosphere.MultiScatteringLUT.SampleCount:15.0]]
[2020.01.28-22.58.22:971][  0]LogConfig: Applying CVar settings from Section [FoliageQuality@3] File [D:/GitHub/TheThreePaintings-UE4-Project/ThreePaintingProject/Saved/Config/Windows/Scalability.ini]
[2020.01.28-22.58.22:971][  0]LogConfig: Setting CVar [[foliage.DensityScale:1.0]]
[2020.01.28-22.58.22:971][  0]LogConfig: Setting CVar [[grass.DensityScale:1.0]]
[2020.01.28-22.58.22:971][  0]LogConfig: Applying CVar settings from Section [ShadingQuality@3] File [D:/GitHub/TheThreePaintings-UE4-Project/ThreePaintingProject/Saved/Config/Windows/Scalability.ini]
[2020.01.28-22.58.22:971][  0]LogConfig: Setting CVar [[r.HairStrands.SkyLighting.SampleCount:16]]
[2020.01.28-22.58.22:971][  0]LogConfig: Setting CVar [[r.HairStrands.SkyLighting.JitterIntegration:0]]
[2020.01.28-22.58.22:971][  0]LogConfig: Setting CVar [[r.HairStrands.SkyAO.SampleCount:16]]
[2020.01.28-22.58.22:971][  0]LogConfig: Applying CVar settings from Section [Startup] File [../../../Engine/Config/ConsoleVariables.ini]
[2020.01.28-22.58.22:987][  0]LogConfig: Setting CVar [[net.UseAdaptiveNetUpdateFrequency:0]]
[2020.01.28-22.58.22:987][  0]LogConfig: Setting CVar [[p.chaos.AllowCreatePhysxBodies:1]]
[2020.01.28-22.58.22:987][  0]LogConfig: Applying CVar settings from Section [ConsoleVariables] File [D:/GitHub/TheThreePaintings-UE4-Project/ThreePaintingProject/Saved/Config/Windows/Engine.ini]
[2020.01.28-22.58.23:057][  0]LogInit: Computer: DESKTOP-GPLBC1U
[2020.01.28-22.58.23:057][  0]LogInit: User: Seth
[2020.01.28-22.58.23:057][  0]LogInit: CPU Page size=4096, Cores=4
[2020.01.28-22.58.23:057][  0]LogInit: High frequency timer resolution =10.000000 MHz
[2020.01.28-22.58.23:057][  0]LogMemory: Memory total: Physical=15.9GB (16GB approx)
[2020.01.28-22.58.23:057][  0]LogMemory: Platform Memory Stats for Windows
[2020.01.28-22.58.23:057][  0]LogMemory: Process Physical Memory: 110.11 MB used, 110.12 MB peak
[2020.01.28-22.58.23:057][  0]LogMemory: Process Virtual Memory: 105.30 MB used, 105.30 MB peak
[2020.01.28-22.58.23:057][  0]LogMemory: Physical Memory: 6367.24 MB used,  9882.56 MB free, 16249.80 MB total
[2020.01.28-22.58.23:057][  0]LogMemory: Virtual Memory: 5182.35 MB used,  134212544.00 MB free, 134217728.00 MB total
[2020.01.28-22.58.23:080][  0]LogWindows: WindowsPlatformFeatures enabled
[2020.01.28-22.58.25:290][  0]LogInit: Using OS detected language (en-US).
[2020.01.28-22.58.25:290][  0]LogInit: Using OS detected locale (en-US).
[2020.01.28-22.58.25:441][  0]LogTextLocalizationManager: No specific localization for 'en-US' exists, so the 'en' localization will be used.
[2020.01.28-22.58.28:053][  0]LogInit: Setting process to per monitor DPI aware
[2020.01.28-22.58.29:110][  0]LogSlate: New Slate User Created.  User Index 0, Is Virtual User: 0
[2020.01.28-22.58.29:110][  0]LogSlate: Slate User Registered.  User Index 0, Is Virtual User: 0
[2020.01.28-22.58.34:030][  0]LogHMD: Failed to initialize OpenVR with code 126
[2020.01.28-22.58.34:030][  0]LogD3D11RHI: D3D11 min allowed feature level: 11_0
[2020.01.28-22.58.34:030][  0]LogD3D11RHI: D3D11 max allowed feature level: 11_0
[2020.01.28-22.58.34:030][  0]LogD3D11RHI: D3D11 adapters:
[2020.01.28-22.58.34:105][  0]LogD3D11RHI:    0. 'NVIDIA GeForce GTX 970M' (Feature Level 11_0)
[2020.01.28-22.58.34:105][  0]LogD3D11RHI:       3029/0/8124 MB DedicatedVideo/DedicatedSystem/SharedSystem, Outputs:1, VendorId:0x10de
[2020.01.28-22.58.34:133][  0]LogD3D11RHI:    1. 'Intel(R) HD Graphics 530' (Feature Level 11_0)
[2020.01.28-22.58.34:133][  0]LogD3D11RHI:       128/0/8124 MB DedicatedVideo/DedicatedSystem/SharedSystem, Outputs:0, VendorId:0x8086
[2020.01.28-22.58.34:136][  0]LogD3D11RHI:    2. 'Microsoft Basic Render Driver' (Feature Level 11_0)
[2020.01.28-22.58.34:136][  0]LogD3D11RHI:       0/0/8124 MB DedicatedVideo/DedicatedSystem/SharedSystem, Outputs:0, VendorId:0x1414
[2020.01.28-22.58.34:136][  0]LogD3D11RHI: Chosen D3D11 Adapter: 0
[2020.01.28-22.58.34:218][  0]LogD3D11RHI: Creating new Direct3DDevice
[2020.01.28-22.58.34:218][  0]LogD3D11RHI:     GPU DeviceId: 0x13d8 (for the marketing name, search the web for "GPU Device Id")
[2020.01.28-22.58.34:218][  0]LogWindows: EnumDisplayDevices:
[2020.01.28-22.58.34:218][  0]LogWindows:    0. 'Intel(R) HD Graphics 530' (P:1 D:1)
[2020.01.28-22.58.34:219][  0]LogWindows:    1. 'Intel(R) HD Graphics 530' (P:0 D:0)
[2020.01.28-22.58.34:219][  0]LogWindows:    2. 'Intel(R) HD Graphics 530' (P:0 D:0)
[2020.01.28-22.58.34:219][  0]LogWindows:    3. 'NVIDIA GeForce GTX 970M' (P:0 D:0)
[2020.01.28-22.58.34:220][  0]LogWindows: DebugString: PrimaryIsNotTheChoosenAdapter PrimaryIsNotTheChoosenAdapter PrimaryIsNotTheChoosenAdapter 
[2020.01.28-22.58.34:220][  0]LogD3D11RHI:     Adapter Name: NVIDIA GeForce GTX 970M
[2020.01.28-22.58.34:220][  0]LogD3D11RHI:   Driver Version: 441.20 (internal:26.21.14.4120, unified:441.20)
[2020.01.28-22.58.34:220][  0]LogD3D11RHI:      Driver Date: 11-6-2019
[2020.01.28-22.58.34:220][  0]LogRHI: Texture pool is 2120 MB (70% of 3029 MB)
[2020.01.28-22.58.34:281][  0]LogD3D11RHI: RHI has support for 64 bit atomics
[2020.01.28-22.58.34:282][  0]LogD3D11RHI: Async texture creation enabled
[2020.01.28-22.58.34:713][  0]LogD3D11RHI: GPU Timing Frequency: 1000.000000 (Debug: 2 1)
[2020.01.28-22.58.36:412][  0]LogTargetPlatformManager: Display: Loaded TargetPlatform 'AllDesktop'
[2020.01.28-22.58.36:521][  0]LogTargetPlatformManager: Display: Loaded TargetPlatform 'Android'
[2020.01.28-22.58.36:521][  0]LogTargetPlatformManager: Display: Loaded TargetPlatform 'Android_ASTC'
[2020.01.28-22.58.36:521][  0]LogTargetPlatformManager: Display: Loaded TargetPlatform 'Android_ATC'
[2020.01.28-22.58.36:521][  0]LogTargetPlatformManager: Display: Loaded TargetPlatform 'Android_DXT'
[2020.01.28-22.58.36:521][  0]LogTargetPlatformManager: Display: Loaded TargetPlatform 'Android_ETC1'
[2020.01.28-22.58.36:521][  0]LogTargetPlatformManager: Display: Loaded TargetPlatform 'Android_ETC1a'
[2020.01.28-22.58.36:521][  0]LogTargetPlatformManager: Display: Loaded TargetPlatform 'Android_ETC2'
[2020.01.28-22.58.36:521][  0]LogTargetPlatformManager: Display: Loaded TargetPlatform 'Android_PVRTC'
[2020.01.28-22.58.36:521][  0]LogTargetPlatformManager: Display: Loaded TargetPlatform 'AndroidClient'
[2020.01.28-22.58.36:521][  0]LogTargetPlatformManager: Display: Loaded TargetPlatform 'Android_ASTCClient'
[2020.01.28-22.58.36:521][  0]LogTargetPlatformManager: Display: Loaded TargetPlatform 'Android_ATCClient'
[2020.01.28-22.58.36:521][  0]LogTargetPlatformManager: Display: Loaded TargetPlatform 'Android_DXTClient'
[2020.01.28-22.58.36:521][  0]LogTargetPlatformManager: Display: Loaded TargetPlatform 'Android_ETC1Client'
[2020.01.28-22.58.36:521][  0]LogTargetPlatformManager: Display: Loaded TargetPlatform 'Android_ETC1aClient'
[2020.01.28-22.58.36:521][  0]LogTargetPlatformManager: Display: Loaded TargetPlatform 'Android_ETC2Client'
[2020.01.28-22.58.36:521][  0]LogTargetPlatformManager: Display: Loaded TargetPlatform 'Android_PVRTCClient'
[2020.01.28-22.58.36:521][  0]LogTargetPlatformManager: Display: Loaded TargetPlatform 'Android_Multi'
[2020.01.28-22.58.36:521][  0]LogTargetPlatformManager: Display: Loaded TargetPlatform 'Android_MultiClient'
[2020.01.28-22.58.36:628][  0]LogTargetPlatformManager: Display: Loaded TargetPlatform 'IOSClient'
[2020.01.28-22.58.36:628][  0]LogTargetPlatformManager: Display: Loaded TargetPlatform 'IOS'
[2020.01.28-22.58.36:672][  0]LogTargetPlatformManager: Display: Loaded TargetPlatform 'LinuxNoEditor'
[2020.01.28-22.58.36:688][  0]LogTargetPlatformManager: Display: Loaded TargetPlatform 'LinuxClient'
[2020.01.28-22.58.36:703][  0]LogTargetPlatformManager: Display: Loaded TargetPlatform 'LinuxServer'
[2020.01.28-22.58.36:728][  0]LogTargetPlatformManager: Display: Loaded TargetPlatform 'LinuxAArch64NoEditor'
[2020.01.28-22.58.36:742][  0]LogTargetPlatformManager: Display: Loaded TargetPlatform 'LinuxAArch64Client'
[2020.01.28-22.58.36:756][  0]LogTargetPlatformManager: Display: Loaded TargetPlatform 'LinuxAArch64Server'
[2020.01.28-22.58.36:800][  0]LogTargetPlatformManager: Display: Loaded TargetPlatform 'Lumin'
[2020.01.28-22.58.36:800][  0]LogTargetPlatformManager: Display: Loaded TargetPlatform 'LuminClient'
[2020.01.28-22.58.36:868][  0]LogTargetPlatformManager: Display: Loaded TargetPlatform 'TVOSClient'
[2020.01.28-22.58.36:868][  0]LogTargetPlatformManager: Display: Loaded TargetPlatform 'TVOS'
[2020.01.28-22.58.36:894][  0]LogTargetPlatformManager: Display: Loaded TargetPlatform 'WindowsNoEditor'
[2020.01.28-22.58.36:927][  0]LogTargetPlatformManager: Display: Loaded TargetPlatform 'Windows'
[2020.01.28-22.58.36:943][  0]LogTargetPlatformManager: Display: Loaded TargetPlatform 'WindowsClient'
[2020.01.28-22.58.36:957][  0]LogTargetPlatformManager: Display: Loaded TargetPlatform 'WindowsServer'
[2020.01.28-22.58.36:957][  0]LogTargetPlatformManager: Display: Building Assets For Windows
[2020.01.28-22.58.37:133][  0]LogAudioDebug: Display: Lib vorbis DLL was dynamically loaded.
[2020.01.28-22.58.38:299][  0]LogShaderCompilers: Guid format shader working directory is -28 characters bigger than the processId version (../../../../../GitHub/TheThreePaintings-UE4-Project/ThreePaintingProject/Intermediate/Shaders/WorkingDirectory/20556/).
[2020.01.28-22.58.38:299][  0]LogShaderCompilers: Cleaned the shader compiler working directory 'C:/Users/Seth/AppData/Local/Temp/UnrealShaderWorkingDir/73A5D4D24880160197E7CDBC14565AED/'.
[2020.01.28-22.58.38:303][  0]LogXGEController: Cleaning working directory: C:/Users/Seth/AppData/Local/Temp/UnrealXGEWorkingDir/
[2020.01.28-22.58.38:303][  0]LogXGEController: Cannot use XGE Controller as Incredibuild is not installed on this machine.
[2020.01.28-22.58.38:312][  0]LogShaderCompilers: Cannot use XGE Shader Compiler as Incredibuild is not installed on this machine.
[2020.01.28-22.58.38:312][  0]LogShaderCompilers: Display: Using Local Shader Compiler.
[2020.01.28-22.58.41:385][  0]LogDerivedDataCache: Display: Max Cache Size: 512 MB
[2020.01.28-22.58.41:902][  0]LogDerivedDataCache: Loaded boot cache 0.51s 81MB C:/Users/Seth/AppData/Local/UnrealEngine/4.24/DerivedDataCache/Boot.ddc.
[2020.01.28-22.58.41:902][  0]LogDerivedDataCache: Display: Loaded Boot cache: C:/Users/Seth/AppData/Local/UnrealEngine/4.24/DerivedDataCache/Boot.ddc
[2020.01.28-22.58.41:902][  0]LogDerivedDataCache: FDerivedDataBackendGraph:  Pak pak cache file ../../../../../GitHub/TheThreePaintings-UE4-Project/ThreePaintingProject/DerivedDataCache/DDC.ddp not found, will not use a pak cache.
[2020.01.28-22.58.41:902][  0]LogDerivedDataCache: Unable to find inner node Pak for hierarchical cache Hierarchy.
[2020.01.28-22.58.41:902][  0]LogDerivedDataCache: FDerivedDataBackendGraph:  CompressedPak pak cache file ../../../../../GitHub/TheThreePaintings-UE4-Project/ThreePaintingProject/DerivedDataCache/Compressed.ddp not found, will not use a pak cache.
[2020.01.28-22.58.41:902][  0]LogDerivedDataCache: Unable to find inner node CompressedPak for hierarchical cache Hierarchy.
[2020.01.28-22.58.41:987][  0]LogDerivedDataCache: Display: Pak cache opened for reading ../../../Engine/DerivedDataCache/Compressed.ddp.
[2020.01.28-22.58.41:987][  0]LogDerivedDataCache: FDerivedDataBackendGraph:  EnterprisePak pak cache file ../../../Enterprise/DerivedDataCache/Compressed.ddp not found, will not use a pak cache.
[2020.01.28-22.58.41:987][  0]LogDerivedDataCache: Unable to find inner node EnterprisePak for hierarchical cache Hierarchy.
[2020.01.28-22.58.41:989][  0]LogDerivedDataCache: Using Local data cache path C:/Users/Seth/AppData/Local/UnrealEngine/Common/DerivedDataCache: Writable
[2020.01.28-22.58.41:989][  0]LogDerivedDataCache: Shared data cache path not found in *engine.ini, will not use an Shared cache.
[2020.01.28-22.58.41:989][  0]LogDerivedDataCache: Unable to find inner node Shared for hierarchical cache Hierarchy.
[2020.01.28-22.58.42:064][  0]LogMaterial: Verifying Global Shaders for PCD3D_SM5
[2020.01.28-22.58.42:097][  0]LogSlate: Using FreeType 2.10.0
[2020.01.28-22.58.42:200][  0]LogSlate: SlateFontServices - WITH_FREETYPE: 1, WITH_HARFBUZZ: 1
[2020.01.28-22.58.42:903][  0]LogAssetRegistry: FAssetRegistry took 0.0124 seconds to start up
[2020.01.28-22.58.47:105][  0]LogInit: Selected Device Profile: [Windows]
[2020.01.28-22.58.49:462][  0]LogMeshReduction: Using QuadricMeshReduction for automatic static mesh reduction
[2020.01.28-22.58.49:462][  0]LogMeshReduction: Using SimplygonMeshReduction for automatic skeletal mesh reduction
[2020.01.28-22.58.49:462][  0]LogMeshReduction: Using ProxyLODMeshReduction for automatic mesh merging
[2020.01.28-22.58.49:462][  0]LogMeshReduction: No distributed automatic mesh merging module available
[2020.01.28-22.58.49:462][  0]LogMeshMerging: No distributed automatic mesh merging module available
[2020.01.28-22.58.49:825][  0]LogNetVersion: ThreePaintingProject 1.0.0, NetCL: 10570792, EngineNetVer: 13, GameNetVer: 0 (Checksum: 3160085242)
[2020.01.28-22.58.59:781][  0]LogPackageLocalizationCache: Processed 10 localized package path(s) for 1 prioritized culture(s) in 0.047584 seconds
[2020.01.28-22.58.59:808][  0]LogUObjectArray: 46750 objects as part of root set at end of initial load.
[2020.01.28-22.58.59:808][  0]LogUObjectAllocator: 8137160 out of 0 bytes used by permanent object pool.
[2020.01.28-22.58.59:808][  0]LogUObjectArray: CloseDisregardForGC: 0/0 objects in disregard for GC pool
[2020.01.28-22.59.03:704][  0]LogTcpMessaging: Initializing TcpMessaging bridge
[2020.01.28-22.59.03:739][  0]LogUdpMessaging: Initializing bridge on interface 0.0.0.0:0 to multicast group 230.0.0.1:6666.
[2020.01.28-22.59.04:284][  0]SourceControl: Source control is disabled
[2020.01.28-22.59.07:011][  0]LogAndroidPermission: UAndroidPermissionCallbackProxy::GetInstance
[2020.01.28-22.59.07:154][  0]LogAudioCaptureCore: Display: No Audio Capture implementations found. Audio input will be silent.
[2020.01.28-22.59.07:154][  0]LogAudioCaptureCore: Display: No Audio Capture implementations found. Audio input will be silent.
[2020.01.28-22.59.07:651][  0]LogOcInput: OculusInput pre-init called
[2020.01.28-22.59.09:405][  0]LogEngine: Initializing Engine...
[2020.01.28-22.59.09:494][  0]LogHMD: Failed to initialize OpenVR with code 126
[2020.01.28-22.59.09:557][  0]LogStats: UGameplayTagsManager::InitializeManager -  0.018 s
[2020.01.28-22.59.10:251][  0]LogInit: Initializing FReadOnlyCVARCache
[2020.01.28-22.59.10:523][  0]LogAIModule: Creating AISystem for world Untitled
[2020.01.28-22.59.10:651][  0]LogAudioMixer: Display: Audio Mixer Platform Settings:
[2020.01.28-22.59.10:651][  0]LogAudioMixer: Display: 	Sample Rate:						  48000
[2020.01.28-22.59.10:651][  0]LogAudioMixer: Display: 	Callback Buffer Frame Size Requested: 1024
[2020.01.28-22.59.10:651][  0]LogAudioMixer: Display: 	Callback Buffer Frame Size To Use:	  1024
[2020.01.28-22.59.10:651][  0]LogAudioMixer: Display: 	Number of buffers to queue:			  2
[2020.01.28-22.59.10:651][  0]LogAudioMixer: Display: 	Max Channels (voices):				  32
[2020.01.28-22.59.10:651][  0]LogAudioMixer: Display: 	Number of Async Source Workers:		  0
[2020.01.28-22.59.10:651][  0]LogAudio: Display: AudioDevice MaxSources: 32
[2020.01.28-22.59.10:656][  0]LogAudio: Display: Using built-in audio occlusion.
[2020.01.28-22.59.10:656][  0]LogAudioMixer: Display: Initializing audio mixer.
[2020.01.28-22.59.10:781][  0]LogAudioMixer: Display: Audio Device Output Speaker Info:
[2020.01.28-22.59.10:781][  0]LogAudioMixer: Display: Name: Speakers (Sound Blaster Recon3Di)
[2020.01.28-22.59.10:781][  0]LogAudioMixer: Display: Is Default: Yes
[2020.01.28-22.59.10:781][  0]LogAudioMixer: Display: Sample Rate: 48000
[2020.01.28-22.59.10:781][  0]LogAudioMixer: Display: Channel Count Used: 2
[2020.01.28-22.59.10:781][  0]LogAudioMixer: Display: Device Channel Count: 2
[2020.01.28-22.59.10:781][  0]LogAudioMixer: Display: Channel Order:
[2020.01.28-22.59.10:781][  0]LogAudioMixer: Display: 0: FrontLeft
[2020.01.28-22.59.10:781][  0]LogAudioMixer: Display: 1: FrontRight
[2020.01.28-22.59.10:892][  0]LogAudioMixer: Display: Using Audio Device Speakers (Sound Blaster Recon3Di)
[2020.01.28-22.59.10:911][  0]LogInit: FAudioDevice initialized.
[2020.01.28-22.59.10:912][  0]LogNetVersion: Set ProjectVersion to 1.0.0.0. Version Checksum will be recalculated on next use.
[2020.01.28-22.59.11:102][  0]LogDerivedDataCache: Saved boot cache 0.19s 81MB C:/Users/Seth/AppData/Local/UnrealEngine/4.24/DerivedDataCache/Boot.ddc.
[2020.01.28-22.59.11:102][  0]LogInit: Texture streaming: Enabled
[2020.01.28-22.59.11:266][  0]LogEngineSessionManager: EngineSessionManager initialized
[2020.01.28-22.59.11:266][  0]LogEngineSessionManager: EngineSessionManager sent abnormal shutdown report. Type=AbnormalShutdown, SessionId={EE9030DB-4490-5617-5E79-C692D5A0FD39}
[2020.01.28-22.59.11:266][  0]LogEditorSessionSummary: Verbose: Initializing EditorSessionSummaryWriter for editor session tracking
[2020.01.28-22.59.11:272][  0]LogEditorSessionSummary: EditorSessionSummaryWriter initialized
[2020.01.28-22.59.11:551][  0]LogInit: Transaction tracking system initialized
[2020.01.28-22.59.11:901][  0]BlueprintLog: New page: Editor Load
[2020.01.28-22.59.12:681][  0]LocalizationService: Localization service is disabled
[2020.01.28-22.59.14:957][  0]LogFileCache: Scanning file cache for directory 'D:/GitHub/TheThreePaintings-UE4-Project/ThreePaintingProject/Content/' took 0.01s
[2020.01.28-22.59.14:957][  0]LogCook: Display: Max memory allowance for cook 16384mb min free memory 0mb
[2020.01.28-22.59.14:957][  0]LogCook: Display: Mobile HDR setting 1
[2020.01.28-22.59.17:774][  0]Cmd: MAP LOAD FILE="../../../Engine/Content/Maps/Templates/Template_Default.umap" TEMPLATE=1 SHOWPROGRESS=1 FEATURELEVEL=3
[2020.01.28-22.59.17:812][  0]LightingResults: New page: Lighting Build
[2020.01.28-22.59.17:854][  0]LogWorld: UWorld::CleanupWorld for Untitled, bSessionEnded=true, bCleanupResources=true
[2020.01.28-22.59.17:863][  0]LogSlate: InvalidateAllWidgets triggered.  All widgets were invalidated
[2020.01.28-22.59.17:876][  0]MapCheck: New page: Map Check
[2020.01.28-22.59.17:877][  0]LightingResults: New page: Lighting Build
[2020.01.28-22.59.18:035][  0]LogUObjectHash: Compacting FUObjectHashTables data took   1.87ms
[2020.01.28-22.59.18:632][  0]LogAIModule: Creating AISystem for world Untitled_1
[2020.01.28-22.59.18:884][  0]LogEditorServer: Finished looking for orphan Actors (0.000 secs)
[2020.01.28-22.59.18:939][  0]LogUObjectHash: Compacting FUObjectHashTables data took   2.42ms
[2020.01.28-22.59.18:939][  0]Cmd: MAP CHECKDEP NOCLEARLOG
[2020.01.28-22.59.18:952][  0]MapCheck: Map check complete: 0 Error(s), 0 Warning(s), took 9.792ms to complete.
[2020.01.28-22.59.18:952][  0]LogFileHelpers: Loading map 'Template_Default' took 1.193
[2020.01.28-22.59.20:032][  0]LogSlate: Updating window title bar state: overlay mode, drag disabled, window buttons hidden, title bar hidden
[2020.01.28-22.59.20:041][  0]LogSlate: Updating window title bar state: overlay mode, drag disabled, window buttons hidden, title bar hidden
[2020.01.28-22.59.20:049][  0]LogSlate: Updating window title bar state: overlay mode, drag disabled, window buttons hidden, title bar hidden
[2020.01.28-22.59.20:057][  0]LogSlate: Updating window title bar state: overlay mode, drag disabled, window buttons hidden, title bar hidden
[2020.01.28-22.59.20:189][  0]LogCollectionManager: Loaded 0 collections in 0.000894 seconds
[2020.01.28-22.59.20:249][  0]LogFileCache: Scanning file cache for directory 'D:/GitHub/TheThreePaintings-UE4-Project/ThreePaintingProject/Saved/Collections/' took 0.00s
[2020.01.28-22.59.20:249][  0]LogFileCache: Scanning file cache for directory 'D:/GitHub/TheThreePaintings-UE4-Project/ThreePaintingProject/Content/Developers/Seth/Collections/' took 0.00s
[2020.01.28-22.59.20:249][  0]LogFileCache: Scanning file cache for directory 'D:/GitHub/TheThreePaintings-UE4-Project/ThreePaintingProject/Content/Collections/' took 0.00s
[2020.01.28-22.59.20:249][  0]LogContentBrowser: Native class hierarchy populated in 0.0150 seconds. Added 3015 classes and 717 folders.
[2020.01.28-22.59.20:275][  0]LogContentBrowser: Native class hierarchy updated for 'WidgetCarousel' in 0.0004 seconds. Added 0 classes and 0 folders.
[2020.01.28-22.59.20:846][  0]LogContentBrowser: Native class hierarchy updated for 'AddContentDialog' in 0.0003 seconds. Added 0 classes and 0 folders.
[2020.01.28-22.59.20:917][  0]LogContentBrowser: Native class hierarchy updated for 'SceneOutliner' in 0.0003 seconds. Added 2 classes and 3 folders.
[2020.01.28-22.59.21:414][  0]LogSlate: Took 0.042035 seconds to synchronously load lazily loaded font '../../../Engine/Content/Slate/Fonts/Roboto-Regular.ttf' (155K)
[2020.01.28-22.59.21:447][  0]LogSlate: Took 0.017129 seconds to synchronously load lazily loaded font '../../../Engine/Content/Slate/Fonts/Roboto-Bold.ttf' (160K)
[2020.01.28-22.59.21:518][  0]LogSlate: Took 0.058576 seconds to synchronously load lazily loaded font '../../../Engine/Content/Editor/Slate/Fonts/FontAwesome.ttf' (139K)
[2020.01.28-22.59.21:982][  0]LogRenderer: Reallocating scene render targets to support 1208x572 Format 10 NumSamples 1 (Frame:1).
[2020.01.28-22.59.22:363][  0]LogContentBrowser: Native class hierarchy updated for 'HierarchicalLODOutliner' in 0.0003 seconds. Added 0 classes and 0 folders.
[2020.01.28-22.59.22:364][  0]LogLoad: (Engine Initialization) Total time: 80.26 seconds
[2020.01.28-22.59.22:364][  0]LogLoad: (Engine Initialization) Total Blueprint compile time: 0.00 seconds
[2020.01.28-22.59.22:549][  0]LogContentStreaming: Texture pool size now 1000 MB
[2020.01.28-22.59.22:686][  0]LogSlate: Took 0.017114 seconds to synchronously load lazily loaded font '../../../Engine/Content/Slate/Fonts/Roboto-Light.ttf' (167K)
[2020.01.28-22.59.23:567][ 16]LogAssetRegistry: Asset discovery search completed in 40.6659 seconds
[2020.01.28-22.59.23:572][ 16]LogCollectionManager: Fixed up redirectors for 0 collections in 0.000022 seconds (updated 0 objects)
[2020.01.28-23.00.40:713][267]LogSlate: Took 0.000233 seconds to synchronously load lazily loaded font '../../../Engine/Content/Slate/Fonts/Roboto-Light.ttf' (167K)
[2020.01.28-23.03.44:021][267]LogTexture: Display: Building textures: HQ_Lightmap0_2 (AutoDXT, 64X64)
[2020.01.28-23.03.45:054][267]LogTexture: Display: Building textures: LQ_Lightmap_0_2 (DXT1, 64X64)
[2020.01.28-23.03.45:054][267]LogTexture: Display: Building textures: HQ_Lightmap0_1 (AutoDXT, 1024X1024)
[2020.01.28-23.03.45:054][267]LogTexture: Display: Building textures: ShadowMapTexture2D_5 (G8, 32X32)
[2020.01.28-23.03.45:054][267]LogTexture: Display: Building textures: ShadowMapTexture2D_4 (G8, 1024X256)
[2020.01.28-23.03.45:064][267]LogTexture: Display: Building textures: tgonccag_8K_Opacity (AutoDXT, 4096X8192)
[2020.01.28-23.03.45:064][267]LogTexture: Display: Building textures: LQ_Lightmap_0_1 (DXT1, 1024X1024)
[2020.01.28-23.03.45:064][267]LogTexture: Display: Building textures: tgonccag_8K_Roughness (AutoDXT, 4096X8192)
[2020.01.28-23.03.45:064][267]LogTexture: Display: Building textures: thinbeso_8K_Displacement (AutoDXT, 8192X8192)
[2020.01.28-23.03.45:064][267]LogTexture: Display: Building textures: thllfisr_8K_Opacity (AutoDXT, 8192X8192)
[2020.01.28-23.03.45:064][267]LogTexture: Display: Building textures: thllfisr_8K_Displacement (AutoDXT, 8192X8192)
[2020.01.28-23.03.45:064][267]LogTexture: Display: Building textures: tgonccag_8K_Normal (BC5, 4096X8192)
[2020.01.28-23.03.45:064][267]LogTexture: Display: Building textures: thinbeso_8K_Albedo (AutoDXT, 8192X8192)
[2020.01.28-23.03.45:065][267]LogTexture: Display: Building textures: thllfisr_8K_Roughness (AutoDXT, 8192X8192)
[2020.01.28-23.03.45:065][267]LogTexture: Display: Building textures: tg2hfbel_8K_Displacement (AutoDXT, 8192X8192)
[2020.01.28-23.03.45:065][267]LogTexture: Display: Building textures: thllfisr_8K_Normal (BC5, 8192X8192)
[2020.01.28-23.03.45:065][267]LogTexture: Display: Building textures: thllfisr_8K_Albedo (AutoDXT, 8192X8192)
[2020.01.28-23.03.45:065][267]LogTexture: Display: Building textures: tg2hfbel_8K_Normal (BC5, 8192X8192)
[2020.01.28-23.03.45:065][267]LogAudioMixer: Display: Audio Buffer Underrun detected.
[2020.01.28-23.03.45:065][267]LogTexture: Display: Building textures: tg2hfbel_8K_Albedo (AutoDXT, 8192X8192)
[2020.01.28-23.03.45:065][267]LogTexture: Display: Building textures: tg2hfbel_8K_Opacity (AutoDXT, 8192X8192)
[2020.01.28-23.03.45:065][267]LogTexture: Display: Building textures: tguleeeo_8K_Roughness (AutoDXT, 8192X4096)
[2020.01.28-23.03.45:065][267]LogTexture: Display: Building textures: tg2hfbel_8K_Roughness (AutoDXT, 8192X8192)
[2020.01.28-23.03.45:065][267]LogTexture: Display: Building textures: tguleeeo_8K_Albedo (AutoDXT, 8192X4096)
[2020.01.28-23.03.45:065][267]LogTexture: Display: Building textures: tguleeeo_8K_Normal (BC5, 8192X4096)
[2020.01.28-23.03.45:065][267]LogTexture: Display: Building textures: tguleeeo_8K_Opacity (AutoDXT, 8192X4096)
[2020.01.28-23.03.45:065][267]LogTexture: Display: Building textures: tguleeeo_8K_Displacement (AutoDXT, 8192X4096)
[2020.01.28-23.03.45:065][267]LogTexture: Display: Building textures: tiwlebqg_8K_Roughness (AutoDXT, 8192X4096)
[2020.01.28-23.03.45:065][267]LogTexture: Display: Building textures: tiwlebqg_8K_Opacity (AutoDXT, 8192X4096)
[2020.01.28-23.03.45:065][267]LogTexture: Display: Building textures: thelbfrcw_8K_Displacement (AutoDXT, 8192X8192)
[2020.01.28-23.03.45:065][267]LogTexture: Display: Building textures: thelbfrcw_8K_Albedo (AutoDXT, 8192X8192)
[2020.01.28-23.03.45:065][267]LogTexture: Display: Building textures: thinbeso_8K_Normal (BC5, 8192X8192)
[2020.01.28-23.03.45:065][267]LogTexture: Display: Building textures: thinbeso_8K_Roughness (AutoDXT, 8192X8192)
[2020.01.28-23.03.45:195][267]LogTexture: Display: Building textures: thelbfrcw_8K_Normal (BC5, 8192X8192)
[2020.01.28-23.03.45:195][267]LogTexture: Display: Building textures: thelbfrcw_8K_Roughness (AutoDXT, 8192X8192)
[2020.01.28-23.03.45:195][267]LogTexture: Display: Building textures: tiwlebqg_8K_Displacement (AutoDXT, 8192X4096)
[2020.01.28-23.03.45:195][267]LogTexture: Display: Building textures: tiwlebqg_8K_Normal (BC5, 8192X4096)
[2020.01.28-23.03.45:195][267]LogTexture: Display: Building textures: tj1lebsfa_8K_Roughness (AutoDXT, 8192X8192)
[2020.01.28-23.03.45:195][267]LogTexture: Display: Building textures: tiwlebqg_8K_Albedo (AutoDXT, 8192X4096)
[2020.01.28-23.03.45:196][267]LogMaterial: Display: Missing cached shader map for material Standard_MasterMaterial, compiling. 
[2020.01.28-23.04.35:422][267]LogTexture: Display: Building textures: tj1lebsfa_8K_Displacement (AutoDXT, 8192X8192)
[2020.01.28-23.04.35:459][267]LogShaderCompilers: Display: Worker (1/5): shaders left to compile 77
[2020.01.28-23.04.35:482][267]LogShaderCompilers: Display: Worker (2/5): shaders left to compile 67
[2020.01.28-23.04.35:482][267]LogShaderCompilers: Display: Worker (3/5): shaders left to compile 57
[2020.01.28-23.04.35:482][267]LogShaderCompilers: Display: Worker (4/5): shaders left to compile 47
[2020.01.28-23.04.35:482][267]LogTexture: Display: Building textures: tj1lebsfa_8K_NormalLOD0 (BC5, 8192X8192)
[2020.01.28-23.04.35:482][267]LogTexture: Display: Building textures: tj1lebsfa_8K_Albedo (AutoDXT, 8192X8192)
[2020.01.28-23.04.35:482][267]LogTexture: Display: Building textures: tjloec2fa_8K_Roughness (AutoDXT, 8192X8192)
[2020.01.28-23.04.35:482][267]LogTexture: Display: Building textures: tjloec2fa_8K_NormalLOD0 (BC5, 8192X8192)
[2020.01.28-23.04.35:482][267]LogTexture: Display: Building textures: tjloec2fa_8K_Displacement (AutoDXT, 8192X8192)
[2020.01.28-23.04.35:482][267]LogMaterial: Display: Missing cached shader map for material Decal_MasterMaterial, compiling. 
[2020.01.28-23.04.51:735][267]LogTexture: Display: Building textures: tjloec2fa_8K_Albedo (AutoDXT, 8192X8192)
[2020.01.28-23.04.53:564][267]LogTexture: Display: Building textures: thkmbapk_8K_Albedo (AutoDXT, 8192X2048)
[2020.01.28-23.04.53:564][267]LogStaticMesh: Building static mesh tg0pfjxda_LOD0...
[2020.01.28-23.05.20:038][267]LogTexture: Display: Building textures: thtjfhun_8K_Albedo (AutoDXT, 8192X8192)
[2020.01.28-23.05.20:174][267]LogTexture: Display: Building textures: thzlfdfqx_8K_Roughness (AutoDXT, 8192X8192)
[2020.01.28-23.05.20:174][267]LogAudioMixer: Display: Audio Buffer Underrun detected.
[2020.01.28-23.05.20:174][267]LogAudioMixer: Display: Audio Buffer Underrun detected.
[2020.01.28-23.05.20:174][267]LogStaticMesh: Built static mesh [26.86s] /Game/MS_RomanEmpV1/3D_Asset/02_Roman_Marble_Plinth_tg0pfjxda/tg0pfjxda_LOD0.tg0pfjxda_LOD0
[2020.01.28-23.05.34:274][267]LogStaticMesh: Building static mesh tg2jailfa_LOD0...
[2020.01.28-23.05.37:353][267]LogShaderCompilers: Display: Worker (3/5): shaders left to compile 130
[2020.01.28-23.05.37:353][267]LogStaticMesh: Built static mesh [3.32s] /Game/MS_RomanEmpV1/3D_Asset/04_Roman_Trim_tg2jailfa/tg2jailfa_LOD0.tg2jailfa_LOD0
[2020.01.28-23.05.37:439][267]LogStaticMesh: Building static mesh tgzkeidfa_LOD0...
[2020.01.28-23.05.39:156][267]LogStaticMesh: Built static mesh [1.72s] /Game/MS_RomanEmpV1/3D_Asset/01_Roman_Relief_tgzkeidfa/tgzkeidfa_LOD0.tgzkeidfa_LOD0
[2020.01.28-23.05.39:214][267]LogStaticMesh: Building static mesh thedegyfa_LOD0...
[2020.01.28-23.05.44:311][267]LogStaticMesh: Built static mesh [5.12s] /Game/MS_RomanEmpV1/3D_Asset/05_Roman_Arch_thedegyfa/thedegyfa_LOD0.thedegyfa_LOD0
[2020.01.28-23.05.44:595][267]LogStaticMesh: Building static mesh thfjdj3fa_LOD0...
[2020.01.28-23.05.47:132][267]LogStaticMesh: Built static mesh [2.55s] /Game/MS_RomanEmpV1/3D_Asset/03_Roman_Relief_thfjdj3fa/thfjdj3fa_LOD0.thfjdj3fa_LOD0
[2020.01.28-23.05.47:279][267]LogStaticMesh: Building static mesh thflagcfa_LOD0...
[2020.01.28-23.05.50:192][267]LogShaderCompilers: Display: Worker (1/5): shaders left to compile 120
[2020.01.28-23.05.50:192][267]LogStaticMesh: Built static mesh [2.91s] /Game/MS_RomanEmpV1/3D_Asset/06_Roman_Trim_thflagcfa/thflagcfa_LOD0.thflagcfa_LOD0
[2020.01.28-23.05.50:286][267]LogStaticMesh: Building static mesh thjkacofa_LOD0...
[2020.01.28-23.05.53:895][267]LogTexture: Display: Building textures: thzlfdfqx_8K_Normal (BC5, 8192X8192)
[2020.01.28-23.05.53:895][267]LogStaticMesh: Built static mesh [3.61s] /Game/MS_RomanEmpV1/3D_Asset/07_Roman_Trim_thjkacofa/thjkacofa_LOD0.thjkacofa_LOD0
[2020.01.28-23.05.54:088][267]LogStaticMesh: Building static mesh thrlah0fa_LOD0...
[2020.01.28-23.06.14:800][267]LogTexture: Display: Audio Buffer Underrun detected. Audio Buffer Underrun detected. )
[2020.01.28-23.06.20:019][267]LogStaticMesh: Built static mesh [10.94s] /Game/MS_RomanEmpV1/3D_Asset/09_Roman_Relief_thrlah0fa/thrlah0fa_LOD0.thrlah0fa_LOD0
[2020.01.28-23.06.27:106][267]LogAudioMixer: Display: Audio Buffer Underrun detected.
[2020.01.28-23.06.27:134][267]LogAudioMixer: Display: Audio Buffer Underrun detected.
[2020.01.28-23.06.27:134][267]LogAudioMixer: Display: Audio Buffer Underrun detected.
[2020.01.28-23.06.37:365][267]LogShaderCompilers: Display: Worker (2/5): shaders left to compile 110
[2020.01.28-23.06.37:365][267]LogShaderCompilers: Display: Worker (4/5): shaders left to compile 100
[2020.01.28-23.06.38:225][267]LogShaderCompilers: Display: Worker (3/5): shaders left to compile 90
[2020.01.28-23.06.39:713][267]LogShaderCompilers: Display: Worker (1/5): shaders left to compile 80
[2020.01.28-23.06.48:543][267]LogTexture: Display: Building textures: thtjfhun_8K_Roughness (AutoDXT, 8192X8192)
[2020.01.28-23.06.48:543][267]LogTexture: Display: Building textures: tlovdfffa_8K_Roughness (AutoDXT, 8192X8192)
[2020.01.28-23.06.48:543][267]LogStaticMesh: Building static mesh thrufgafa_LOD0...
[2020.01.28-23.06.53:569][267]LogTexture: Display: Building textures: thzlfdfqx_8K_Albedo (AutoDXT, 8192X8192)
[2020.01.28-23.06.53:569][267]LogStaticMesh: Built static mesh [5.39s] /Game/MS_RomanEmpV1/3D_Asset/08_Roman_Column_thrufgafa/thrufgafa_LOD0.thrufgafa_LOD0
[2020.01.28-23.06.53:832][267]LogStaticMesh: Building static mesh thtjaacfa_LOD0...
[2020.01.28-23.06.56:691][267]LogStaticMesh: Built static mesh [2.87s] /Game/MS_RomanEmpV1/3D_Asset/010_Roman_Grave_Stone_thtjaacfa/thtjaacfa_LOD0.thtjaacfa_LOD0
[2020.01.28-23.06.56:754][267]LogStaticMesh: Building static mesh thwfba1fa_LOD0...
[2020.01.28-23.07.00:495][267]LogTexture: Display: Building textures: thtjfhun_8K_Normal (BC5, 8192X8192)
[2020.01.28-23.07.00:750][267]LogStaticMesh: Built static mesh [3.75s] /Game/MS_RomanEmpV1/3D_Asset/11_Roman_Column_thwfba1fa/thwfba1fa_LOD0.thwfba1fa_LOD0
[2020.01.28-23.08.02:111][267]LogAudioMixer: Display: Audio Buffer Underrun detected.
[2020.01.28-23.08.06:263][267]LogAudioMixer: Display: mpile 70
[2020.01.28-23.08.06:264][267]LogStaticMesh: Building static mesh thzgcaffa_LOD0...
[2020.01.28-23.08.22:325][267]LogShaderCompilers: Display: Worker (3/5): shaders left to compile 70
[2020.01.28-23.08.22:325][267]LogShaderCompilers: Display: Worker (1/5): shaders left to compile 60
[2020.01.28-23.08.22:325][267]LogTexture: Display: Building textures: tlovdfffa_8K_Displacement (AutoDXT, 8192X8192)
[2020.01.28-23.08.22:325][267]LogTexture: Display: Building textures: tk4tfgzfa_8K_Roughness (AutoDXT, 8192X8192)
[2020.01.28-23.08.22:326][267]LogShaderCompilers: Display: Worker (2/5): shaders left to compile 50
[2020.01.28-23.08.22:326][267]LogShaderCompilers: Display: Worker (4/5): shaders left to compile 40
[2020.01.28-23.08.22:326][267]LogTexture: Display: Building textures: tlovdfffa_8K_Albedo (AutoDXT, 8192X8192)
[2020.01.28-23.08.22:326][267]LogStaticMesh: Built static mesh [45.35s] /Game/MS_RomanEmpV1/3D_Asset/12_Roman_Marble_Capital_thzgcaffa/thzgcaffa_LOD0.thzgcaffa_LOD0
[2020.01.28-23.08.27:496][267]LogTexture: Display: Building textures: tg0pfjxda_8K_Roughness (AutoDXT, 8192X8192)
[2020.01.28-23.08.34:499][267]LogTexture: Display: Building textures: tlovdfffa_8K_NormalLOD0 (BC5, 8192X8192)
[2020.01.28-23.08.34:499][267]LogShaderCompilers: Display: Worker (3/5): shaders left to compile 30
[2020.01.28-23.08.41:150][267]LogTexture: Display: Building textures: tk4tfgzfa_8K_NormalLOD0 (BC5, 8192X8192)
[2020.01.28-23.08.41:150][267]LogStaticMesh: Building static mesh tipjbg0fa_LOD0...
[2020.01.28-23.08.44:207][267]LogShaderCompilers: Display: Worker (1/5): shaders left to compile 22
[2020.01.28-23.08.44:207][267]LogTexture: Display: Building textures: tg0pfjxda_8K_Displacement (AutoDXT, 8192X8192)
[2020.01.28-23.08.44:208][267]LogShaderCompilers: Display: Worker (4/5): shaders left to compile 16
[2020.01.28-23.08.44:208][267]LogStaticMesh: Built static mesh [3.06s] /Game/MS_RomanEmpV1/3D_Asset/13_Roman_Column_tipjbg0fa/tipjbg0fa_LOD0.tipjbg0fa_LOD0
[2020.01.28-23.08.44:388][267]LogStaticMesh: Building static mesh tiusafufa_LOD0...
[2020.01.28-23.08.48:533][267]LogShaderCompilers: Display: Worker (3/5): shaders left to compile 11
[2020.01.28-23.08.48:533][267]LogStaticMesh: Built static mesh [4.15s] /Game/MS_RomanEmpV1/3D_Asset/14_Roman_Grave_Stone_tiusafufa/tiusafufa_LOD0.tiusafufa_LOD0
[2020.01.28-23.08.48:904][267]LogStaticMesh: Building static mesh tj1lebsfa_LOD0...
[2020.01.28-23.08.52:084][267]LogTexture: Display: Building textures: tg0pfjxda_8K_NormalLOD0 (BC5, 8192X8192)
[2020.01.28-23.08.52:084][267]LogStaticMesh: Built static mesh [3.23s] /Game/MS_RomanEmpV1/3D_Asset/16_Roman_Column_tj1lebsfa/tj1lebsfa_LOD0.tj1lebsfa_LOD0
[2020.01.28-23.08.52:143][267]LogStaticMesh: Building static mesh tjloec2fa_LOD0...
[2020.01.28-23.08.53:898][267]LogStaticMesh: Built static mesh [1.78s] /Game/MS_RomanEmpV1/3D_Asset/15_Roman_Capital_tjloec2fa/tjloec2fa_LOD0.tjloec2fa_LOD0
[2020.01.28-23.08.54:191][267]LogStaticMesh: Building static mesh tk4tfgzfa_LOD0...
[2020.01.28-23.09.27:793][267]LogTexture: Display: Building textures: tg0pfjxda_8K_Albedo (AutoDXT, 8192X8192)
[2020.01.28-23.09.34:645][267]LogTexture: Display: Building textures: tkxkaeqfa_8K_Albedo (AutoDXT, 8192X8192)
[2020.01.28-23.09.34:645][267]LogTexture: Display: Building textures: tkvuccwfa_8K_Roughness (AutoDXT, 8192X8192)
[2020.01.28-23.09.34:645][267]LogAudioMixer: Display: Audio Buffer Underrun detected.
[2020.01.28-23.09.34:645][267]LogAudioMixer: Display: Audio Buffer Underrun detected.
[2020.01.28-23.09.34:645][267]LogStaticMesh: Built static mesh [32.94s] /Game/MS_RomanEmpV1/3D_Asset/21_Roman_Broken_Column_tk4tfgzfa/tk4tfgzfa_LOD0.tk4tfgzfa_LOD0
[2020.01.28-23.09.42:012][267]LogShaderCompilers: Display: Worker (3/5): shaders left to compile 8
[2020.01.28-23.09.42:012][267]LogShaderCompilers: Display: Worker (4/5): shaders left to compile 5
[2020.01.28-23.09.44:058][267]LogShaderCompilers: Display: Worker (1/5): shaders left to compile 2
[2020.01.28-23.09.44:058][267]LogShaderCompilers: Display: Worker (2/5): shaders left to compile 1
[2020.01.28-23.09.55:179][267]LogTexture: Display: Building textures: tkvuccwfa_8K_Displacement (AutoDXT, 8192X8192)
[2020.01.28-23.10.00:896][267]LogTexture: Display: Building textures: tkvuccwfa_8K_NormalLOD0 (BC5, 8192X8192)
[2020.01.28-23.10.07:022][267]LogTexture: Display: Building textures: tkvuccwfa_8K_Albedo (AutoDXT, 8192X8192)
[2020.01.28-23.10.07:022][267]LogStaticMesh: Building static mesh tkjqbecfa_LOD0...
[2020.01.28-23.10.13:111][267]LogTexture: Display: Building textures: tkkrcayfa_8K_Roughness (AutoDXT, 8192X8192)
[2020.01.28-23.10.13:128][267]LogStaticMesh: Built static mesh [6.16s] /Game/MS_RomanEmpV1/3D_Asset/17_Roman_Broken_Column_tkjqbecfa/tkjqbecfa_LOD0.tkjqbecfa_LOD0
[2020.01.28-23.10.13:275][267]LogStaticMesh: Building static mesh tkkrcayfa_LOD0...
[2020.01.28-23.10.15:460][267]LogStaticMesh: Built static mesh [2.19s] /Game/MS_RomanEmpV1/3D_Asset/18_Roman_Stone_Floor_tkkrcayfa/tkkrcayfa_LOD0.tkkrcayfa_LOD0
[2020.01.28-23.10.15:555][267]LogStaticMesh: Building static mesh tkvuccwfa_LOD0...
[2020.01.28-23.10.19:502][267]LogTexture: Display: Building textures: tkkrcayfa_8K_NormalLOD0 (BC5, 8192X8192)
[2020.01.28-23.10.19:502][267]LogTexture: Display: Building textures: tkkrcayfa_8K_Displacement (AutoDXT, 8192X8192)
[2020.01.28-23.10.19:502][267]LogStaticMesh: Built static mesh [3.96s] /Game/MS_RomanEmpV1/3D_Asset/19_Roman_Stone_Ruins_tkvuccwfa/tkvuccwfa_LOD0.tkvuccwfa_LOD0
[2020.01.28-23.10.19:717][267]LogStaticMesh: Building static mesh tkxkaeqfa_LOD0...
[2020.01.28-23.10.24:540][267]LogStaticMesh: Built static mesh [4.84s] /Game/MS_RomanEmpV1/3D_Asset/20_Roman_Column_tkxkaeqfa/tkxkaeqfa_LOD0.tkxkaeqfa_LOD0
[2020.01.28-23.10.59:894][267]LogTexture: Display: Building textures: tkjqbecfa_8K_Displacement (AutoDXT, 8192X8192)
[2020.01.28-23.10.59:965][267]LogTexture: Display: Building textures: tkjqbecfa_8K_Roughness (AutoDXT, 8192X8192)
[2020.01.28-23.10.59:965][267]LogTexture: Display: Building textures: tkkrcayfa_8K_Albedo (AutoDXT, 8192X8192)
[2020.01.28-23.11.01:751][267]LogTexture: Display: Building textures: tkjqbecfa_8K_Albedo (AutoDXT, 8192X8192)
[2020.01.28-23.11.11:648][267]LogTexture: Display: Building textures: tkjqbecfa_8K_NormalLOD0 (BC5, 8192X8192)
[2020.01.28-23.11.23:188][267]LogTexture: Display: Building textures: thrufgafa_8K_Displacement (AutoDXT, 8192X8192)
[2020.01.28-23.11.23:188][267]LogStaticMesh: Building static mesh tlovdfffa_LOD0...
[2020.01.28-23.11.26:014][267]LogStaticMesh: Built static mesh [3.04s] /Game/MS_RomanEmpV1/3D_Asset/22_Roman_Column_tlovdfffa/tlovdfffa_LOD0.tlovdfffa_LOD0
[2020.01.28-23.11.32:012][267]LogTexture: Display: Building textures: thjkacofa_8K_Roughness (AutoDXT, 8192X8192)
[2020.01.28-23.11.32:012][267]LogTexture: Display: Building textures: thrufgafa_8K_NormalLOD0 (BC5, 8192X8192)
[2020.01.28-23.11.32:012][267]LogTexture: Display: Building textures: th0naajg_8K_Roughness (AutoDXT, 4096X4096)
[2020.01.28-23.11.38:553][267]LogTexture: Display: Building textures: th0naajg_8K_Opacity (AutoDXT, 4096X4096)
[2020.01.28-23.11.40:787][267]LogTexture: Display: Building textures: th0naajg_8K_Displacement (AutoDXT, 4096X4096)
[2020.01.28-23.11.44:633][267]LogTexture: Display: Building textures: thrufgafa_8K_Albedo (AutoDXT, 8192X8192)
[2020.01.28-23.11.48:558][267]LogTexture: Display: Building textures: th0naajg_8K_Normal (BC5, 4096X4096)
[2020.01.28-23.11.56:402][267]LogTexture: Display: Building textures: thjkacofa_8K_Displacement (AutoDXT, 8192X8192)
[2020.01.28-23.11.56:403][267]LogTexture: Display: Building textures: th0naajg_8K_Albedo (AutoDXT, 4096X4096)
[2020.01.28-23.12.36:756][267]LogTexture: Display: Building textures: thjkacofa_8K_NormalLOD0 (BC5, 8192X8192)
[2020.01.28-23.12.40:742][267]LogTexture: Display: Building textures: thjkacofa_8K_Albedo (AutoDXT, 8192X8192)
[2020.01.28-23.12.40:742][267]LogTexture: Display: Building textures: thflagcfa_8K_Roughness (AutoDXT, 8192X8192)
[2020.01.28-23.12.40:742][267]LogAudioMixer: Display: Audio Buffer Underrun detected.
[2020.01.28-23.12.44:513][267]LogTexture: Display: Building textures: thijfh1g_8K_Normal (BC5, 8192X4096)
[2020.01.28-23.12.44:513][267]LogTexture: Display: Building textures: thijfh1g_8K_Albedo (AutoDXT, 8192X4096)
[2020.01.28-23.12.52:691][267]LogTexture: Display: Building textures: thijfh1g_8K_Displacement (AutoDXT, 8192X4096)
[2020.01.28-23.13.01:486][267]LogTexture: Display: Building textures: thflagcfa_8K_NormalLOD0 (BC5, 8192X8192)
[2020.01.28-23.13.01:486][267]LogTexture: Display: Building textures: thijfh1g_8K_Roughness (AutoDXT, 8192X4096)
[2020.01.28-23.13.01:486][267]LogTexture: Display: Building textures: th0mcj1o_8K_Roughness (AutoDXT, 8192X8192)
[2020.01.28-23.14.04:452][267]LogTexture: Display: Building textures: thijfh1g_8K_Opacity (AutoDXT, 8192X4096)
[2020.01.28-23.14.10:140][267]LogTexture: Display: Building textures: thrlah0fa_8K_Roughness (AutoDXT, 8192X8192)
[2020.01.28-23.14.10:157][267]LogTexture: Display: Building textures: thrlah0fa_8K_Displacement (AutoDXT, 8192X8192)
[2020.01.28-23.14.10:157][267]LogTexture: Display: Building textures: thrlah0fa_8K_NormalLOD0 (BC5, 8192X8192)
[2020.01.28-23.14.10:157][267]LogTexture: Display: Building textures: thrlah0fa_8K_Albedo (AutoDXT, 8192X8192)
[2020.01.28-23.14.10:157][267]LogTexture: Display: Building textures: thrufgafa_8K_Roughness (AutoDXT, 8192X8192)
[2020.01.28-23.14.10:157][267]LogTexture: Display: Building textures: thwfba1fa_8K_Roughness (AutoDXT, 8192X8192)
[2020.01.28-23.14.10:157][267]LogAudioMixer: Display: Audio Buffer Underrun detected.
[2020.01.28-23.14.35:068][267]LogTexture: Display: Building textures: thfjdj3fa_8K_Roughness (AutoDXT, 8192X8192)
[2020.01.28-23.14.35:068][267]LogTexture: Display: Building textures: thwfba1fa_8K_Displacement (AutoDXT, 8192X8192)
[2020.01.28-23.14.35:068][267]LogTexture: Display: Building textures: tg2jailfa_8K_Albedo (AutoDXT, 8192X8192)
[2020.01.28-23.14.35:068][267]LogTexture: Display: Building textures: thwfba1fa_8K_Albedo (AutoDXT, 8192X8192)
[2020.01.28-23.14.42:978][267]LogTexture: Display: Building textures: thwfba1fa_8K_NormalLOD0 (BC5, 8192X8192)
[2020.01.28-23.14.42:978][267]LogTexture: Display: Building textures: thfjdj3fa_8K_Displacement (AutoDXT, 8192X8192)
[2020.01.28-23.14.42:978][267]LogTexture: Display: Building textures: thfjdj3fa_8K_NormalLOD0 (BC5, 8192X8192)
[2020.01.28-23.15.12:848][267]LogTexture: Display: Building textures: tiusafufa_8K_Roughness (AutoDXT, 8192X8192)
[2020.01.28-23.15.13:571][267]LogTexture: Display: Building textures: thfjdj3fa_8K_Albedo (AutoDXT, 8192X8192)
[2020.01.28-23.15.13:571][267]LogTexture: Display: Building textures: tiusafufa_8K_Displacement (AutoDXT, 8192X8192)
[2020.01.28-23.15.13:571][267]LogTexture: Display: Building textures: tiusafufa_8K_NormalLOD0 (BC5, 8192X8192)
[2020.01.28-23.15.13:571][267]LogTexture: Display: Building textures: th0mcj1o_8K_Normal (BC5, 8192X8192)
[2020.01.28-23.15.35:228][267]LogAudioMixer: Display: Audio Buffer Underrun detected.
[2020.01.28-23.15.36:389][267]LogTexture: Display: Building textures: tipjbg0fa_8K_Roughness (AutoDXT, 8192X8192)
[2020.01.28-23.15.36:436][267]LogTexture: Display: Building textures: tiusafufa_8K_Albedo (AutoDXT, 8192X8192)
[2020.01.28-23.15.54:469][267]LogTexture: Display: Building textures: tipjbg0fa_8K_Displacement (AutoDXT, 8192X8192)
[2020.01.28-23.15.54:469][267]LogTexture: Display: Building textures: th0mcj1o_8K_Displacement (AutoDXT, 8192X8192)
[2020.01.28-23.16.36:391][267]LogTexture: Display: Building textures: tipjbg0fa_8K_NormalLOD0 (BC5, 8192X8192)
[2020.01.28-23.16.39:927][267]LogAudioMixer: Display: Audio Buffer Underrun detected.
[2020.01.28-23.16.39:927][267]LogAudioMixer: Display: Audio Buffer Underrun detected.
[2020.01.28-23.16.39:927][267]LogAudioMixer: Display: Audio Buffer Underrun detected.
[2020.01.28-23.16.39:927][267]LogAudioMixer: Display: Audio Buffer Underrun detected.
[2020.01.28-23.16.39:927][267]LogTexture: Display: Building textures: tipjbg0fa_8K_Albedo (AutoDXT, 8192X8192)
[2020.01.28-23.16.42:600][267]LogTexture: Display: Building textures: thzgcaffa_8K_Roughness (AutoDXT, 8192X8192)
[2020.01.28-23.16.42:600][267]LogTexture: Display: Building textures: thzgcaffa_8K_Displacement (AutoDXT, 8192X8192)
[2020.01.28-23.17.13:018][267]LogTexture: Display: Building textures: thzgcaffa_8K_NormalLOD0 (BC5, 8192X8192)
[2020.01.28-23.17.13:019][267]LogTexture: Display: Building textures: thdmfjqo_8K_Roughness (AutoDXT, 8192X8192)
[2020.01.28-23.17.13:019][267]LogTexture: Display: Building textures: thzgcaffa_8K_Albedo (AutoDXT, 8192X8192)
[2020.01.28-23.17.13:019][267]LogTexture: Display: Building textures: thdmfjqo_8K_Normal (BC5, 8192X8192)
[2020.01.28-23.17.13:019][267]LogTexture: Display: Building textures: th0mcj1o_8K_Albedo (AutoDXT, 8192X8192)
